2023-07-02T02:00:19.977Z-info: New doctor created succesfully: {"id_doctor":1,"nombre":"Carlos","apellido":"Caceres","especialidad":"Medicina General","consultorio":"100","correo":"carcec@gmail.com"}
2023-07-02T02:02:31.561Z-info: New doctor created succesfully: {"id_doctor":1,"nombre":"Carlos","apellido":"Caceres","especialidad":"Medicina General","consultorio":"100","correo":"carcec@gmail.com"}
2023-07-02T02:03:11.785Z-info: New doctor created succesfully: {"id_doctor":1,"nombre":"Carlos","apellido":"Caceres","especialidad":"Medicina General","consultorio":"100","correo":"carcec@gmail.com"}
2023-07-02T02:05:14.660Z-info: New doctor created succesfully: {"id_doctor":1,"nombre":"Carlos","apellido":"Caceres","especialidad":"Medicina General","consultorio":"100","correo":"carcec@gmail.com"}
2023-07-02T02:05:54.442Z-info: New doctor created succesfully: {"id_doctor":1,"nombre":"Carlos","apellido":"Caceres","especialidad":"Medicina General","consultorio":"100","correo":"carcec@gmail.com"}
2023-07-02T02:06:23.851Z-info: New doctor created succesfully: {"id_doctor":1,"nombre":"Carlos","apellido":"Caceres","especialidad":"Medicina General","consultorio":"100","correo":"carcec@gmail.com"}
2023-07-02T02:07:50.254Z-info: New doctor created succesfully: {"id_doctor":1,"nombre":"Carlos","apellido":"Caceres","especialidad":"Medicina General","consultorio":"100","correo":"carcec@gmail.com"}
2023-07-02T02:14:13.222Z-info: New doctor created succesfully: {"id_doctor":1,"nombre":"Carlos","apellido":"Caceres","especialidad":"Medicina General","consultorio":"100","correo":"carcec@gmail.com"}
2023-07-02T02:14:34.191Z-info: New doctor created succesfully: {"id_doctor":1,"nombre":"Carlos","apellido":"Caceres","especialidad":"Medicina General","consultorio":"100","correo":"carcec@gmail.com"}
2023-07-02T02:20:29.205Z-info: New doctor created succesfully: {"id_doctor":1,"nombre":"Carlos","apellido":"Caceres","especialidad":"Medicina General","consultorio":"100","correo":"carcec@gmail.com"}
2023-07-02T02:21:45.815Z-info: New doctor created succesfully: {"id_doctor":1,"nombre":"Carlos","apellido":"Caceres","especialidad":"Medicina General","consultorio":"100","correo":"carcec@gmail.com"}
2023-07-02T02:22:28.548Z-info: New doctor created succesfully: {"id_doctor":1,"nombre":"Carlos","apellido":"Caceres","especialidad":"Medicina General","consultorio":"100","correo":"carcec@gmail.com"}
2023-07-02T02:22:54.902Z-info: New doctor created succesfully: {"id_doctor":1,"nombre":"Carlos","apellido":"Caceres","especialidad":"Medicina General","consultorio":"100","correo":"carcec@gmail.com"}
2023-07-02T02:24:44.080Z-info: New doctor created succesfully: {"id_doctor":1,"nombre":"Carlos","apellido":"Caceres","especialidad":"Medicina General","consultorio":"100","correo":"carcec@gmail.com"}
2023-07-02T02:26:10.264Z-info: New doctor created succesfully: {"id_doctor":1,"nombre":"Carlos","apellido":"Caceres","especialidad":"Medicina General","consultorio":"100","correo":"carcec@gmail.com"}
2023-07-02T02:26:26.800Z-info: New doctor created succesfully: {"id_doctor":1,"nombre":"Carlos","apellido":"Caceres","especialidad":"Medicina General","consultorio":"100","correo":"carcec@gmail.com"}
2023-07-02T02:26:58.228Z-info: New doctor created succesfully: {"id_doctor":1,"nombre":"Carlos","apellido":"Caceres","especialidad":"Medicina General","consultorio":"100","correo":"carcec@gmail.com"}
2023-07-02T02:31:30.908Z-info: New doctor created succesfully: {"id_doctor":1,"nombre":"Carlos","apellido":"Caceres","especialidad":"Medicina General","consultorio":"100","correo":"carcec@gmail.com"}
2023-07-02T02:31:51.581Z-info: New doctor created succesfully: {"id_doctor":1,"nombre":"Carlos","apellido":"Caceres","especialidad":"Medicina General","consultorio":"100","correo":"carcec@gmail.com"}
2023-07-02T02:32:20.772Z-info: New doctor created succesfully: {"id_doctor":1,"nombre":"Carlos","apellido":"Caceres","especialidad":"Medicina General","consultorio":"100","correo":"carcec@gmail.com"}
2023-07-02T02:37:07.901Z-info: New doctor created succesfully: {"id_doctor":1,"nombre":"Carlos","apellido":"Caceres","especialidad":"Medicina General","consultorio":"100","correo":"carcec@gmail.com"}
2023-07-02T02:37:33.559Z-info: New doctor created succesfully: {"id_doctor":1,"nombre":"Carlos","apellido":"Caceres","especialidad":"Medicina General","consultorio":"100","correo":"carcec@gmail.com"}
2023-07-02T02:37:50.434Z-info: New doctor created succesfully: {"id_doctor":1,"nombre":"Carlos","apellido":"Caceres","especialidad":"Medicina General","consultorio":"100","correo":"carcec@gmail.com"}
2023-07-02T02:41:58.219Z-info: New doctor created succesfully: {"id_doctor":1,"nombre":"Carlos","apellido":"Caceres","especialidad":"Medicina General","consultorio":"100","correo":"carcec@gmail.com"}
2023-07-02T02:42:23.633Z-info: New doctor created succesfully: {"id_doctor":1,"nombre":"Carlos","apellido":"Caceres","especialidad":"Medicina General","consultorio":"100","correo":"carcec@gmail.com"}
2023-07-02T02:44:24.798Z-info: New doctor created succesfully: {"id_doctor":1,"nombre":"Carlos","apellido":"Caceres","especialidad":"Medicina General","consultorio":"100","correo":"carcec@gmail.com"}
2023-07-02T14:51:18.140Z-info: Doctor updated succesfully: {"id_doctor":"10","nombre":"John Mario","apellido":"Doe","especialidad":"Medicina General","consultorio":"100","correo":"carlos.rodriguez@gmail.com","created_at":"2023-06-28T20:11:38.610Z","updated_at":"2023-06-28T20:11:38.610Z"}
2023-07-02T14:53:08.528Z-error: Failed to update doctor in doctorService: [Error: Record has not found yet]
2023-07-02T14:54:28.989Z-info: Doctor updated succesfully: {"id_doctor":"10","nombre":"John Mario","apellido":"Doe","especialidad":"Medicina General","consultorio":"100","correo":"carlos.rodriguez@gmail.com","created_at":"2023-06-28T20:11:38.610Z","updated_at":"2023-06-28T20:11:38.610Z"}
2023-07-02T15:08:48.227Z-info: Doctor deleted succesfully: {"id_doctor":"11","nombre":"John","apellido":"Doe","especialidad":"Medicina General","consultorio":"100","correo":"carlos.rodriguez@gmail.com","created_at":"2023-06-30T00:38:28.970Z","updated_at":"2023-06-30T00:38:28.970Z"}
2023-07-02T15:09:40.863Z-info: Doctor deleted succesfully: {"id_doctor":"4","nombre":"Carlos","apellido":"Rodriguez","especialidad":"Medicina General","consultorio":"100","correo":"carlos.rodriguez@gmail.com","created_at":"2023-06-28T03:52:05.761Z","updated_at":null}
2023-07-02T15:09:49.487Z-error: Failed to delete doctor in doctorService: [Error: Record has not found yet]
2023-07-02T15:39:39.015Z-info: Doctor updated succesfully: {"id_doctor":"5","nombre":"Carlos Mario","apellido":"Rodriguez","especialidad":"Medicina General","consultorio":"100","correo":"carlos.rodriguez@gmail.com","created_at":"2023-06-28T15:11:19.841Z","updated_at":null}
2023-07-02T15:39:50.663Z-error: Failed to update doctor in doctorService: [Error: Record has not found yet]
2023-07-02T15:40:03.182Z-error: Failed to update doctor in doctorService: [Error: Record has not found yet]
2023-07-02T15:40:09.712Z-info: Doctor updated succesfully: {"id_doctor":"5","nombre":"Carlos Mario","apellido":"Rodriguez","especialidad":"Medicina General","consultorio":"100","correo":"carlos.rodriguez@gmail.com","created_at":"2023-06-28T15:11:19.841Z","updated_at":null}
2023-07-02T15:40:22.359Z-info: Doctor updated succesfully: {"id_doctor":"5","nombre":"Carlos Mario","apellido":"Rodriguez","especialidad":"Medicina General","consultorio":"54","correo":"carlos.rodriguez@gmail.com","created_at":"2023-06-28T15:11:19.841Z","updated_at":null}
2023-07-02T15:40:26.642Z-info: Doctor updated succesfully: {"id_doctor":"5","nombre":"Carlos Mario","apellido":"Rodriguez","especialidad":"Medicina General","consultorio":54,"correo":"carlos.rodriguez@gmail.com","created_at":"2023-06-28T15:11:19.841Z","updated_at":null}
2023-07-02T15:40:28.768Z-info: Doctor updated succesfully: {"id_doctor":"5","nombre":"Carlos Mario","apellido":"Rodriguez","especialidad":"Medicina General","consultorio":54,"correo":"carlos.rodriguez@gmail.com","created_at":"2023-06-28T15:11:19.841Z","updated_at":null}
2023-07-02T15:41:56.960Z-info: Doctor updated succesfully: {"id_doctor":"5","nombre":"Carlos Mario","apellido":"Rodriguez","especialidad":"Medicina General","consultorio":"54m","correo":"carlos.rodriguez@gmail.com","created_at":"2023-06-28T15:11:19.841Z","updated_at":null}
2023-07-02T15:44:21.247Z-error: Error getting doctor in doctorService: [Error: Record has not found yet]
2023-07-02T15:44:47.783Z-error: Error getting doctor in doctorService: [Error: Record has not found yet]
2023-07-02T15:44:49.168Z-error: Error getting doctor in doctorService: [Error: Record has not found yet]
2023-07-02T15:46:18.073Z-error: Error getting doctor in doctorService: [Error: Record has not found yet]
2023-07-02T15:46:53.836Z-error: Error getting doctor in doctorService: [Error: Record has not found yet]
2023-07-02T15:47:42.126Z-error: Error getting doctor in doctorService: [Error: Record has not found yet]
2023-07-02T15:48:43.047Z-error: Error getting doctor in doctorService: [Error: Record has not found yet]
2023-07-02T15:50:03.113Z-error: Error getting doctor in doctorService: [Error: Record has not found yet]
2023-07-02T15:52:38.320Z-error: Error getting doctor in doctorRepository: [error: database "gestion_citas1" does not exist]
2023-07-02T15:52:38.321Z-error: Error getting doctor in doctorService: [Error: Error getting doctor]
2023-07-02T16:11:43.587Z-error: Error getting doctor in doctorRepository: [error: database "gestion_citas1" does not exist]
2023-07-02T16:11:43.587Z-error: Error getting doctor in doctorService: [Error: Error getting doctor]
2023-07-02T16:14:03.589Z-error: Error getting doctor in doctorService: [Error: Failed to get doctor by id]
2023-07-02T16:18:03.626Z-error: Error getting doctor in doctorService: [Error: Failed to get doctor by id]
2023-07-02T16:19:13.787Z-error: Error getting doctor in doctorService: [Error: Failed to get doctor by id]
2023-07-02T16:19:13.849Z-info: New doctor created succesfully: {"id_doctor":1,"nombre":"Carlos","apellido":"Caceres","especialidad":"Medicina General","consultorio":"100","correo":"carcec@gmail.com"}
2023-07-02T16:20:36.374Z-error: Error getting doctor in doctorService: [Error: Failed to get doctor by id]
2023-07-02T16:20:36.786Z-info: New doctor created succesfully: {"id_doctor":1,"nombre":"Carlos","apellido":"Caceres","especialidad":"Medicina General","consultorio":"100","correo":"carcec@gmail.com"}
2023-07-02T16:24:39.488Z-info: New doctor created succesfully: {"id_doctor":1,"nombre":"Carlos","apellido":"Caceres","especialidad":"Medicina General","consultorio":"100","correo":"carcec@gmail.com"}
2023-07-02T16:24:39.858Z-error: Error getting doctor in doctorService: [Error: Record has not found yet]
2023-07-02T16:25:04.050Z-info: New doctor created succesfully: {"id_doctor":1,"nombre":"Carlos","apellido":"Caceres","especialidad":"Medicina General","consultorio":"100","correo":"carcec@gmail.com"}
2023-07-02T16:25:04.344Z-error: Error getting doctor in doctorService: [Error: Record has not found yet]
2023-07-02T16:25:04.359Z-error: Error getting doctor in doctorService: [Error: Failed to get doctor by id]
2023-07-02T16:25:38.876Z-info: New doctor created succesfully: {"id_doctor":1,"nombre":"Carlos","apellido":"Caceres","especialidad":"Medicina General","consultorio":"100","correo":"carcec@gmail.com"}
2023-07-02T16:25:39.227Z-error: Error getting doctor in doctorService: [Error: Error gettin doctor]
2023-07-02T16:25:39.235Z-error: Error getting doctor in doctorService: [Error: Failed to get doctor by id]
2023-07-02T16:26:00.692Z-info: New doctor created succesfully: {"id_doctor":1,"nombre":"Carlos","apellido":"Caceres","especialidad":"Medicina General","consultorio":"100","correo":"carcec@gmail.com"}
2023-07-02T16:26:01.090Z-error: Error getting doctor in doctorService: [Error: Error gettin doctor]
2023-07-02T16:26:01.142Z-error: Error getting doctor in doctorService: [Error: Failed to get doctor by id]
2023-07-02T16:26:23.526Z-info: New doctor created succesfully: {"id_doctor":1,"nombre":"Carlos","apellido":"Caceres","especialidad":"Medicina General","consultorio":"100","correo":"carcec@gmail.com"}
2023-07-02T16:26:23.760Z-error: Error getting doctor in doctorService: [Error: Error getting doctor]
2023-07-02T16:26:23.767Z-error: Error getting doctor in doctorService: [Error: Failed to get doctor by id]
2023-07-02T16:29:07.278Z-info: Doctor updated succesfully: {"id_doctor":"20","nombre":"John","apellido":"Doe","especialidad":"Medicina General","consultorio":"54","correo":"carlos.rodriguez@gmail.com","created_at":"2023-07-01T23:48:13.349Z","updated_at":"2023-07-01T23:48:13.349Z"}
2023-07-02T16:29:14.221Z-error: Failed to update doctor in doctorService: [Error: Record has not found yet]
2023-07-02T16:29:29.271Z-error: Failed to update doctor in doctorService: [Error: Record has not found yet]
2023-07-02T16:31:00.552Z-info: Doctor deleted succesfully: {"id_doctor":"20","nombre":"John","apellido":"Doe","especialidad":"Medicina General","consultorio":"54","correo":"carlos.rodriguez@gmail.com","created_at":"2023-07-01T23:48:13.349Z","updated_at":"2023-07-01T23:48:13.349Z"}
2023-07-02T16:31:05.742Z-error: Failed to delete doctor in doctorService: [Error: Record has not found yet]
2023-07-02T16:31:30.849Z-error: Error getting doctor in doctorRepository: [error: database "gestion_citas1" does not exist]
2023-07-02T16:31:30.850Z-error: Failed to delete doctor in doctorService: [Error: Error getting doctor]
2023-07-02T16:44:31.097Z-error: Error creating a new patient in patientRepository: [error: database "gestion_citas1" does not exist]
2023-07-02T16:45:09.167Z-info: New patient created succesfully: [{"id_paciente":"1","nombre":"Armando","apellido":"Casas","identificacion":"123","telefono":null,"created_at":"2023-07-02T16:45:09.079Z","updated_at":"2023-07-02T16:45:09.079Z"}]
2023-07-02T16:45:40.523Z-info: New patient created succesfully: [{"id_paciente":"2","nombre":"Armando","apellido":"Casas","identificacion":"123","telefono":"(+57) 1234","created_at":"2023-07-02T16:45:40.437Z","updated_at":"2023-07-02T16:45:40.437Z"}]
2023-07-02T16:46:02.404Z-info: New patient created succesfully: [{"id_paciente":"3","nombre":"Armando","apellido":"Casas","identificacion":null,"telefono":"(+57) 1234","created_at":"2023-07-02T16:46:02.349Z","updated_at":"2023-07-02T16:46:02.349Z"}]
2023-07-02T16:46:13.063Z-info: New patient created succesfully: [{"id_paciente":"4","nombre":null,"apellido":"Casas","identificacion":"123","telefono":"(+57) 1234","created_at":"2023-07-02T16:46:13.009Z","updated_at":"2023-07-02T16:46:13.009Z"}]
2023-07-02T16:46:16.570Z-info: New patient created succesfully: [{"id_paciente":"5","nombre":"Armando","apellido":"Casas","identificacion":"123","telefono":"(+57) 1234","created_at":"2023-07-02T16:46:16.525Z","updated_at":"2023-07-02T16:46:16.525Z"}]
2023-07-02T16:49:23.007Z-info: Patient updated succesfully: {"id_paciente":"4","nombre":"Armando","apellido":"Casas","identificacion":"456","telefono":"(+57) 4567","created_at":"2023-07-02T16:46:13.009Z","updated_at":"2023-07-02T16:46:13.009Z"}
2023-07-02T16:49:31.356Z-info: Patient deleted succesfully: {"id_paciente":"5","nombre":"Armando","apellido":"Casas","identificacion":"123","telefono":"(+57) 1234","created_at":"2023-07-02T16:46:16.525Z","updated_at":"2023-07-02T16:46:16.525Z"}
2023-07-02T16:49:39.981Z-error: Failed to delete patient in PatientService: [Error: Record has not found yet]
2023-07-02T17:07:05.931Z-error: Error getting patient in PatientService: [Error: Must be a number]
2023-07-02T17:15:28.379Z-info: Patient updated succesfully: {"id_paciente":"4","nombre":"Armando","apellido":"Casas","identificacion":"4567","telefono":"(+57) 45678","created_at":"2023-07-02T16:46:13.009Z","updated_at":"2023-07-02T16:46:13.009Z"}
2023-07-02T17:15:43.495Z-info: Patient updated succesfully: {"id_paciente":"4","nombre":"Armando","apellido":"Casas","identificacion":"4567","telefono":"(+57) 45678","created_at":"2023-07-02T16:46:13.009Z","updated_at":"2023-07-02T16:46:13.009Z"}
2023-07-02T17:15:47.136Z-info: Patient deleted succesfully: {"id_paciente":"4","nombre":"Armando","apellido":"Casas","identificacion":"4567","telefono":"(+57) 45678","created_at":"2023-07-02T16:46:13.009Z","updated_at":"2023-07-02T16:46:13.009Z"}
2023-07-02T17:15:59.786Z-info: New patient created succesfully: [{"id_paciente":"6","nombre":"Armando","apellido":"Casas","identificacion":"4567","telefono":"(+57) 45678","created_at":"2023-07-02T17:15:59.721Z","updated_at":"2023-07-02T17:15:59.721Z"}]
2023-07-02T22:11:57.475Z-error: Error creating appointment in AppointmentService: [Error: Record has not found yet]
2023-07-02T22:14:49.232Z-info: New appointment created succesfully: {"identificacionPaciente":"4567","doctor":"Carlos Rodriguez","especialidad":"Medicina General","horario":"Lunes 25 8:00pm","consultorio":"100"}
2023-07-02T22:15:14.325Z-info: New appointment created succesfully: {"identificacionPaciente":"4567","doctor":"Carlos Mario Rodriguez","especialidad":"Medicina General","horario":"Lunes 25 8:00pm","consultorio":"54m"}
2023-07-02T22:16:01.864Z-error: Error creating appointment in AppointmentService: [Error: Record has not found yet]
2023-07-02T22:16:15.921Z-error: Error creating appointment in AppointmentService: [Error: ID must be a number]
2023-07-02T22:16:20.050Z-info: New appointment created succesfully: {"identificacionPaciente":"4567","doctor":"Carlos Mario Rodriguez","especialidad":"Medicina General","consultorio":"54m"}
2023-07-02T22:16:48.281Z-info: New appointment created succesfully: {"identificacionPaciente":"4567","doctor":"Carlos Mario Rodriguez","especialidad":"Medicina General","horario":"Lunes 25 8:00pm","consultorio":"54m"}
2023-07-02T22:16:52.519Z-info: New appointment created succesfully: {"identificacionPaciente":"4567","doctor":"Carlos Mario Rodriguez","especialidad":"Medicina General","consultorio":"54m"}
2023-07-02T22:17:17.920Z-info: New appointment created succesfully: {"identificacionPaciente":"4567","doctor":"Carlos Mario Rodriguez","especialidad":"Medicina General","consultorio":"54m"}
2023-07-02T22:17:19.050Z-info: New appointment created succesfully: {"identificacionPaciente":"4567","doctor":"Carlos Mario Rodriguez","especialidad":"Medicina General","consultorio":"54m"}
2023-07-02T22:17:20.009Z-info: New appointment created succesfully: {"identificacionPaciente":"4567","doctor":"Carlos Mario Rodriguez","especialidad":"Medicina General","consultorio":"54m"}
2023-07-02T22:17:20.910Z-info: New appointment created succesfully: {"identificacionPaciente":"4567","doctor":"Carlos Mario Rodriguez","especialidad":"Medicina General","consultorio":"54m"}
2023-07-02T22:19:02.058Z-info: New appointment created succesfully: {"identificacionPaciente":"4567","doctor":"Carlos Mario Rodriguez","especialidad":"Medicina General","horario":"Lunes 25 8:00pm","consultorio":"54m"}
2023-07-02T22:19:06.406Z-error: Error creating appointment in AppointmentService: [Error: Record has not found yet]
2023-07-02T22:19:41.210Z-error: Error creating appointment in AppointmentService: [Error: Record has not found yet]
2023-07-02T22:22:45.137Z-error: Error creating appointment in AppointmentService: [Error: Doctor Carlos Mario has not that especialidad]
2023-07-02T22:22:59.877Z-error: Error creating appointment in AppointmentService: [Error: Doctor Carlos Mario has not that especialidad]
2023-07-02T22:23:07.718Z-info: New appointment created succesfully: {"identificacionPaciente":"4567","doctor":"Carlos Mario Rodriguez","especialidad":"Medicina General","horario":"Lunes 25 8:00pm","consultorio":"54m"}
2023-07-02T22:23:14.994Z-error: Error creating appointment in AppointmentService: [Error: Doctor Carlos Mario has not that especialidad]
2023-07-02T22:26:12.597Z-info: New appointment created succesfully: {"identificacionPaciente":"4567","doctor":"Carlos Mario Rodriguez","especialidad":"Medicina General","horario":"Lunes 25 8:00pm","consultorio":"54m"}
2023-07-03T15:50:40.502Z-info: New doctor created succesfully: [{"id_doctor":"25","nombre":"John","apellido":"Doe","especialidad":"Medicina general","consultorio":"500","correo":null,"created_at":"2023-07-03T15:50:40.337Z","updated_at":"2023-07-03T15:50:40.337Z"}]
2023-07-03T15:56:04.606Z-info: New doctor created succesfully: [{"id_doctor":"26","nombre":"John","apellido":"Doe","especialidad":"Cardiología","consultorio":"501","correo":null,"created_at":"2023-07-03T15:56:04.498Z","updated_at":"2023-07-03T15:56:04.498Z"}]
2023-07-03T15:57:55.383Z-info: New doctor created succesfully: [{"id_doctor":"27","nombre":"John","apellido":"Doe","especialidad":"Medicina interna","consultorio":"502","correo":null,"created_at":"2023-07-03T15:57:55.297Z","updated_at":"2023-07-03T15:57:55.297Z"}]
2023-07-03T15:58:28.365Z-info: New doctor created succesfully: [{"id_doctor":"28","nombre":"John","apellido":"Doe","especialidad":"Dermatología","consultorio":"502","correo":"john.doe@gmail.com","created_at":"2023-07-03T15:58:28.285Z","updated_at":"2023-07-03T15:58:28.285Z"}]
2023-07-03T16:06:28.578Z-error: Error creating a new doctor in DoctorRepository: [error: database "gestion_citas1" does not exist]
2023-07-03T16:14:08.711Z-error: Error getting all doctors in DoctorRepository: [error: database "gestion_citas1" does not exist]
2023-07-03T16:30:36.920Z-info: Doctor updated succesfully: {"id_doctor":"6","nombre":"John","apellido":"Rodriguez","especialidad":"Medicina General","consultorio":"100","correo":"carlos.rodriguez@gmail.com","created_at":"2023-06-28T19:46:40.908Z","updated_at":null}
2023-07-03T16:30:42.616Z-info: Doctor updated succesfully: {"id_doctor":"5","nombre":"John","apellido":"Rodriguez","especialidad":"Medicina General","consultorio":"54m","correo":"carlos.rodriguez@gmail.com","created_at":"2023-06-28T15:11:19.841Z","updated_at":null}
2023-07-03T16:31:58.288Z-info: Doctor updated succesfully: {"id_doctor":"6","nombre":"John","apellido":"Rodriguez","especialidad":"Psicología","consultorio":600,"correo":"carlos.rodriguez@gmail.com","created_at":"2023-06-28T19:46:40.908Z","updated_at":null}
2023-07-03T16:40:56.460Z-info: Doctor updated succesfully: [{"id_doctor":"6","nombre":"John","apellido":"Rodriguez","especialidad":"Psicología","consultorio":"600","correo":"carlos.rodriguez@gmail.com","created_at":"2023-06-28T19:46:40.908Z","updated_at":"2023-07-03T16:40:56.396Z"}]
2023-07-03T16:41:17.965Z-info: Doctor updated succesfully: [{"id_doctor":"6","nombre":"John","apellido":"Doe","especialidad":"Psicología","consultorio":"601","correo":"carlos.rodriguez@gmail.com","created_at":"2023-06-28T19:46:40.908Z","updated_at":"2023-07-03T16:41:17.911Z"}]
2023-07-03T17:19:29.471Z-info: New doctor created succesfully: [{"id_doctor":"29","nombre":"John","apellido":"Doe","especialidad":"Dermatología","consultorio":"502","correo":"john.doe@gmail.com","created_at":"2023-07-03T17:19:29.374Z","updated_at":"2023-07-03T17:19:29.374Z","identificacion":"1234"}]
2023-07-03T17:21:10.281Z-info: New doctor created succesfully: [{"id_doctor":"30","nombre":"John","apellido":"Doe","especialidad":"Dermatología","consultorio":"502","correo":"john.doe@gmail.com","created_at":"2023-07-03T17:21:10.229Z","updated_at":"2023-07-03T17:21:10.229Z","identificacion":"1234"}]
2023-07-03T17:23:36.780Z-info: New doctor created succesfully: [{"id_doctor":"31","nombre":"John","apellido":"Doe","especialidad":"Medicina general","consultorio":"503","correo":"john.doe@gmail.com","created_at":"2023-07-03T17:23:36.723Z","updated_at":"2023-07-03T17:23:36.723Z","identificacion":"1234"}]
2023-07-03T17:37:03.214Z-info: New doctor created succesfully: [{"id_doctor":"32","nombre":"John","apellido":"Doe","especialidad":"Medicina general","consultorio":"503","correo":"john.doe@gmail.com","created_at":"2023-07-03T17:37:03.156Z","updated_at":"2023-07-03T17:37:03.156Z","identificacion":"1234"}]
2023-07-03T17:38:16.698Z-info: New doctor created succesfully: [{"id_doctor":"33","nombre":"John","apellido":"Doe","especialidad":"Medicina general","consultorio":"503","correo":"john.doe@gmail.com","created_at":"2023-07-03T17:38:16.642Z","updated_at":"2023-07-03T17:38:16.642Z","identificacion":"1234"}]
2023-07-03T19:01:00.523Z-info: New doctor created succesfully: [{"id_doctor":"34","nombre":"John","apellido":"Doe","especialidad":"Dermatología","consultorio":"503","correo":"john.doe@gmail.com","created_at":"2023-07-03T19:01:00.470Z","updated_at":"2023-07-03T19:01:00.470Z","identificacion":"1234"}]
2023-07-03T19:04:31.748Z-info: New doctor created succesfully: [{"id_doctor":"35","nombre":"John","apellido":"Doe","especialidad":"Dermatología","consultorio":"503","correo":"john.doe@gmail.com","created_at":"2023-07-03T19:04:31.688Z","updated_at":"2023-07-03T19:04:31.688Z","identificacion":"1234"}]
2023-07-03T19:07:33.942Z-info: New doctor created succesfully: [{"id_doctor":"36","nombre":"John","apellido":"Doe","especialidad":"Dermatología","consultorio":"503","correo":"john.doe@gmail.com","created_at":"2023-07-03T19:07:33.890Z","updated_at":"2023-07-03T19:07:33.890Z","identificacion":"1234"}]
2023-07-03T19:09:35.378Z-info: New doctor created succesfully: [{"id_doctor":"37","nombre":"John","apellido":"Doe","especialidad":"Dermatología","consultorio":"503","correo":"john.doe@gmail.com","created_at":"2023-07-03T19:09:35.320Z","updated_at":"2023-07-03T19:09:35.320Z","identificacion":"1234"}]
2023-07-03T19:17:28.504Z-info: New doctor created succesfully: [{"id_doctor":"38","nombre":"John","apellido":"Doe","especialidad":"Dermatología","consultorio":"503","correo":"john.doe@gmail.com","created_at":"2023-07-03T19:17:28.434Z","updated_at":"2023-07-03T19:17:28.434Z","identificacion":"1234"}]
2023-07-03T19:18:44.056Z-info: New doctor created succesfully: [{"id_doctor":"39","nombre":"John","apellido":"Doe","especialidad":"Radiología","consultorio":"504","correo":"john.doe@gmail.com","created_at":"2023-07-03T19:18:43.993Z","updated_at":"2023-07-03T19:18:43.993Z","identificacion":"1234"}]
2023-07-03T19:20:26.166Z-info: New doctor created succesfully: [{"id_doctor":"40","nombre":"John","apellido":"Doe","especialidad":"Medicina interna","consultorio":"505","correo":"john.doe@gmail.com","created_at":"2023-07-03T19:20:26.102Z","updated_at":"2023-07-03T19:20:26.102Z","identificacion":"1234"}]
2023-07-03T19:44:33.317Z-info: New doctor created succesfully: [{"id_doctor":"41","nombre":"Maria","apellido":"Williams","especialidad":"Odontología","consultorio":"601","correo":"maria.williams@gmail.com","created_at":"2023-07-03T19:44:33.254Z","updated_at":"2023-07-03T19:44:33.254Z","identificacion":"5678"}]
2023-07-03T19:44:45.992Z-info: New doctor created succesfully: [{"id_doctor":"42","nombre":"Maria","apellido":"Williams","especialidad":"Odontología","consultorio":"601","correo":"maria.williams@gmail.com","created_at":"2023-07-03T19:44:45.947Z","updated_at":"2023-07-03T19:44:45.947Z","identificacion":"1234"}]
2023-07-03T19:46:56.771Z-info: New doctor created succesfully: [{"id_doctor":"43","nombre":"Maria","apellido":"Williams","especialidad":"Dermatología","consultorio":"601","correo":"maria.williams@gmail.com","created_at":"2023-07-03T19:46:56.711Z","updated_at":"2023-07-03T19:46:56.711Z","identificacion":"5678"}]
2023-07-03T19:47:23.876Z-info: New doctor created succesfully: [{"id_doctor":"44","nombre":"Maria","apellido":"Doe","especialidad":"Dermatología","consultorio":"601","correo":"maria.williams@gmail.com","created_at":"2023-07-03T19:47:23.812Z","updated_at":"2023-07-03T19:47:23.812Z","identificacion":"2468"}]
2023-07-03T20:05:27.073Z-info: New patient created succesfully: [{"id_paciente":"7","nombre":"Angela","apellido":"Nicols","identificacion":"456","telefono":null,"created_at":"2023-07-03T20:05:27.004Z","updated_at":"2023-07-03T20:05:27.004Z"}]
2023-07-03T20:05:40.043Z-info: New patient created succesfully: [{"id_paciente":"8","nombre":"Angela","apellido":"Nicols","identificacion":"4568","telefono":null,"created_at":"2023-07-03T20:05:39.974Z","updated_at":"2023-07-03T20:05:39.974Z"}]
2023-07-03T20:06:25.665Z-info: New patient created succesfully: [{"id_paciente":"9","nombre":"Louis","apellido":"Smith","identificacion":"987","telefono":null,"created_at":"2023-07-03T20:06:25.613Z","updated_at":"2023-07-03T20:06:25.613Z"}]
2023-07-03T20:29:53.613Z-info: New patient created succesfully: [{"id_paciente":"10","nombre":"Oliver","apellido":"Brown","identificacion":"753","telefono":null,"created_at":"2023-07-03T20:29:53.558Z","updated_at":"2023-07-03T20:29:53.558Z"}]
2023-07-03T20:33:17.335Z-info: Doctor updated succesfully: [{"id_doctor":"39","nombre":"Oliver","apellido":"Jones","especialidad":"Radiología","consultorio":"504","correo":"john.doe@gmail.com","created_at":"2023-07-03T19:18:43.993Z","updated_at":"2023-07-03T20:33:17.284Z","identificacion":"1234"}]
2023-07-03T20:39:37.775Z-info: Patient updated succesfully: 1
2023-07-03T20:40:56.259Z-info: Patient updated succesfully: [{"id_paciente":"9","nombre":"Louis","apellido":"Smith","identificacion":"987","telefono":"8-888-888","created_at":"2023-07-03T20:06:25.613Z","updated_at":"2023-07-03T20:40:56.200Z"}]
2023-07-03T20:46:13.165Z-info: Patient deleted succesfully: {"id_paciente":"1","nombre":"Armando","apellido":"Casas","identificacion":"123","telefono":"6666666","created_at":"2023-07-02T16:45:09.079Z","updated_at":"2023-07-02T16:45:09.079Z"}
2023-07-03T20:46:19.070Z-info: Doctor deleted succesfully: {"id_doctor":"1","nombre":"test","apellido":"test","especialidad":"teset","consultorio":"test","correo":null,"created_at":null,"updated_at":null,"identificacion":"159"}
2023-07-03T20:47:51.026Z-info: Patient deleted succesfully: {"id_paciente":"1","nombre":"test","apellido":"tset","identificacion":"stest","telefono":null,"created_at":null,"updated_at":null}
2023-07-03T21:02:00.630Z-error: Error creating appointment in AppointmentService: [Error: Record has not been found.]
2023-07-03T21:02:44.600Z-error: Error creating appointment in AppointmentService: [Error: Record has not been found.]
2023-07-03T21:02:45.735Z-error: Error creating appointment in AppointmentService: [Error: Record has not been found.]
2023-07-03T21:04:10.397Z-error: Error creating appointment in AppointmentService: [Error: Record has not been found.]
2023-07-03T21:28:27.205Z-info: New appointment created succesfully: {"identificacionPaciente":"753","doctor":"Oliver Jones","especialidad":"Radiología","horario":"03/07/2023 8:00am","consultorio":"504"}
2023-07-03T21:38:40.196Z-info: New appointment created succesfully: {"identificacionPaciente":"753","doctor":"Oliver Jones","especialidad":"Radiología","horario":"03/07/2023 8:00am","consultorio":"504"}
2023-07-03T21:39:43.722Z-info: New appointment created succesfully: {"identificacionPaciente":"753","doctor":"Oliver Jones","especialidad":"Radiología","horario":"03/07/2023 8:00am","consultorio":"504"}
2023-07-03T21:40:28.686Z-info: New appointment created succesfully: {"identificacionPaciente":"753","doctor":"Oliver Jones","especialidad":"Radiología","horario":"03/07/2023 8:00am","consultorio":"504"}
2023-07-03T21:46:31.539Z-info: New appointment created succesfully: {"identificacionPaciente":"456","doctor":"Maria Williams","especialidad":"Odontología","horario":"03/07/2023 8:00am","consultorio":"601"}
2023-07-03T23:28:40.915Z-error: Error getting doctor in DoctorRepository: [Error: Undefined binding(s) detected when compiling SELECT. Undefined column(s): [id_paciente] query: select * from "citas" where "id_paciente" = ?]
2023-07-03T23:28:40.917Z-error: Error getting appointment in AppointmentService: [Error: Error getting doctor]
2023-07-03T23:28:44.496Z-error: Error getting doctor in DoctorRepository: [Error: Undefined binding(s) detected when compiling SELECT. Undefined column(s): [id_paciente] query: select * from "citas" where "id_paciente" = ?]
2023-07-03T23:28:44.498Z-error: Error getting appointment in AppointmentService: [Error: Error getting doctor]
2023-07-03T23:29:35.954Z-error: Error getting doctor in DoctorRepository: [Error: Undefined binding(s) detected when compiling SELECT. Undefined column(s): [id_paciente] query: select * from "citas" where "id_paciente" = ?]
2023-07-03T23:29:35.955Z-error: Error getting appointment in AppointmentService: [Error: Error getting doctor]
2023-07-03T23:33:21.260Z-info: New appointment created succesfully: {"identificacionPaciente":"456","doctor":"Oliver Jones","especialidad":"Radiología","horario":"03/07/2023 9:00am","consultorio":"504"}
2023-07-03T23:53:56.914Z-error: Error getting appointment in AppointmentRepository: [error: select * from "citas" where "id_doctor" = $1 - invalid input syntax for type bigint: "{"40","39","30","31"}"]
2023-07-03T23:53:56.916Z-error: Error getting appointment in AppointmentService: [Error: Error getting appointment]
2023-07-03T23:56:43.505Z-error: Error getting appointment in AppointmentService: [TypeError: appointmentsDoctor.append is not a function]
2023-07-03T23:56:44.500Z-error: Error getting appointment in AppointmentService: [TypeError: appointmentsDoctor.append is not a function]
2023-07-04T00:19:37.128Z-info: Appointment deleted succesfully: {"id_cita":"5","horario":"test","id_doctor":"39","id_paciente":"10","created_at":null,"updated_at":null}
2023-07-04T00:22:13.198Z-info: New appointment created succesfully: {"identificacionPaciente":"987","doctor":"Maria Williams","especialidad":"Dermatología","horario":"Miercoles 05/07/2023 10:00am","consultorio":"601"2023-07-04T00:42:03.677Z-info: 
2023-07-04T00:43:48.834Z-info: Doctor deleted succesfully: {"id_doctor":"40","nombre":"John","apellido":"Doe","especialidad":"Medicina interna","consultorio":"505","correo":"john.doe@gmail.com","created_at":"2023-07-03T19:20:26.102Z","updated_at":"2023-07-03T19:20:26.102Z","identificacion":"1234"}
2023-07-04T00:44:09.870Z-info: Doctor deleted succesfully: {"id_doctor":"40","nombre":"John","apellido":"Doe","especialidad":"Medicina interna","consultorio":"505","correo":"john.doe@gmail.com","created_at":"2023-07-03T19:20:26.102Z","updated_at":"2023-07-03T19:20:26.102Z","identificacion":"1234"}
2023-07-04T00:44:56.160Z-info: Doctor deleted succesfully: {"id_doctor":"39","nombre":"Oliver","apellido":"Jones","especialidad":"Radiología","consultorio":"504","correo":"john.doe@gmail.com","created_at":"2023-07-03T19:18:43.993Z","updated_at":"2023-07-03T20:33:17.284Z","identificacion":"1234"}
2023-07-04T00:45:40.507Z-info: Doctor deleted succesfully: {"id_doctor":"39","nombre":"Oliver","apellido":"Jones","especialidad":"Radiología","consultorio":"504","correo":"john.doe@gmail.com","created_at":"2023-07-03T19:18:43.993Z","updated_at":"2023-07-03T20:33:17.284Z","identificacion":"1234"}
2023-07-04T00:45:48.961Z-info: Doctor deleted succesfully: {"id_doctor":"40","nombre":"John","apellido":"Doe","especialidad":"Medicina interna","consultorio":"505","correo":"john.doe@gmail.com","created_at":"2023-07-03T19:20:26.102Z","updated_at":"2023-07-03T19:20:26.102Z","identificacion":"1234"}
2023-07-04T00:48:03.914Z-info: Doctor deleted succesfully: {"id_doctor":"40","nombre":"John","apellido":"Doe","especialidad":"Medicina interna","consultorio":"505","correo":"john.doe@gmail.com","created_at":"2023-07-03T19:20:26.102Z","updated_at":"2023-07-03T19:20:26.102Z","identificacion":"1234"}
2023-07-04T00:48:04.860Z-info: Doctor deleted succesfully: {"id_doctor":"40","nombre":"John","apellido":"Doe","especialidad":"Medicina interna","consultorio":"505","correo":"john.doe@gmail.com","created_at":"2023-07-03T19:20:26.102Z","updated_at":"2023-07-03T19:20:26.102Z","identificacion":"1234"}
2023-07-04T00:48:52.898Z-info: Doctor deleted succesfully: {"id_doctor":"31","nombre":"John","apellido":"Doe","especialidad":"Medicina general","consultorio":"503","correo":"john.doe@gmail.com","created_at":"2023-07-03T17:23:36.723Z","updated_at":"2023-07-03T17:23:36.723Z","identificacion":"1234"}
2023-07-13T01:13:54.162Z-info: Doctor updated succesfully: [{"id_doctor":"40","nombre":"John","apellido":"Doe","especialidad":"Medicina interna","consultorio":"505","correo":"john.doe@gmail.com","created_at":"2023-07-03T19:20:26.102Z","updated_at":"2023-07-13T01:13:54.090Z","identificacion":"1234"}]
2023-07-13T01:14:25.294Z-info: Doctor updated succesfully: [{"id_doctor":"40","nombre":"John","apellido":"Doe","especialidad":"Dermatología","consultorio":"505","correo":"john.doe@gmail.com","created_at":"2023-07-03T19:20:26.102Z","updated_at":"2023-07-13T01:14:25.240Z","identificacion":"1234"}]
2023-07-13T01:15:55.173Z-info: New doctor created succesfully: [{"id_doctor":"45","nombre":"Raw","apellido":"Houston","especialidad":"Medicina interna","consultorio":"606","correo":null,"created_at":"2023-07-13T01:15:55.109Z","updated_at":"2023-07-13T01:15:55.109Z","identificacion":"963"}]
2023-07-13T01:16:51.074Z-info: Doctor updated succesfully: [{"id_doctor":"45","nombre":"Raw","apellido":"Houston","especialidad":"Medicina interna","consultorio":"606","correo":"raw.houston@gmail.com","created_at":"2023-07-13T01:15:55.109Z","updated_at":"2023-07-13T01:16:51.019Z","identificacion":"963"}]
2023-07-13T01:17:06.716Z-info: Doctor deleted succesfully: {"id_doctor":"45","nombre":"Raw","apellido":"Houston","especialidad":"Medicina interna","consultorio":"606","correo":"raw.houston@gmail.com","created_at":"2023-07-13T01:15:55.109Z","updated_at":"2023-07-13T01:16:51.019Z","identificacion":"963"}
2023-07-13T01:17:27.068Z-info: New doctor created succesfully: [{"id_doctor":"46","nombre":"Raw","apellido":"Houston","especialidad":"Medicina interna","consultorio":"606","correo":null,"created_at":"2023-07-13T01:17:27.008Z","updated_at":"2023-07-13T01:17:27.008Z","identificacion":"963"}]
2023-07-13T01:17:38.953Z-info: Doctor updated succesfully: [{"id_doctor":"46","nombre":"Raw","apellido":"Houston","especialidad":"Medicina interna","consultorio":"606","correo":"raw.houston@gmail.com","created_at":"2023-07-13T01:17:27.008Z","updated_at":"2023-07-13T01:17:38.899Z","identificacion":"963"}]
2023-07-13T01:37:35.012Z-info: New doctor created succesfully: {"id_doctor":1,"nombre":"John","apellido":"Doe","identificacion":"123","especialidad":"Medicina general","consultorio":"100","correo":"john.doe@gmail.com","updated_at":"2023-07-13T01:37:34.998Z","created_at":"2023-07-13T01:37:34.998Z"}
2023-07-13T01:39:11.828Z-info: New doctor created succesfully: {"id_doctor":1,"nombre":"John","apellido":"Doe","identificacion":"123","especialidad":"Medicina general","consultorio":"100","correo":"john.doe@gmail.com","updated_at":"2023-07-13T01:39:11.825Z","created_at":"2023-07-13T01:39:11.825Z"}
2023-07-13T01:39:27.463Z-info: New doctor created succesfully: {"id_doctor":1,"nombre":"John","apellido":"Doe","identificacion":"123","especialidad":"Medicina general","consultorio":"101","correo":"john.doe@gmail.com","updated_at":"2023-07-13T01:39:27.460Z","created_at":"2023-07-13T01:39:27.460Z"}
2023-07-13T01:46:43.303Z-info: New doctor created succesfully: {"id_doctor":1,"nombre":"John","apellido":"Doe","identificacion":"123","especialidad":"Medicina general","consultorio":"101","correo":"john.doe@gmail.com","updated_at":"2023-07-13T01:46:43.299Z","created_at":"2023-07-13T01:46:43.299Z"}
2023-07-13T01:47:49.249Z-info: New doctor created succesfully: {"id_doctor":1,"nombre":"John","apellido":"Doe","identificacion":"123","especialidad":"Medicina general","consultorio":"101","correo":"john.doe@gmail.com","updated_at":"2023-07-13T01:47:49.246Z","created_at":"2023-07-13T01:47:49.246Z"}
2023-07-13T01:48:28.370Z-info: New doctor created succesfully: {"id_doctor":1,"nombre":"John","apellido":"Doe","identificacion":"123","especialidad":"Medicina general","consultorio":"101","correo":"john.doe@gmail.com","updated_at":"2023-07-13T01:48:28.367Z","created_at":"2023-07-13T01:48:28.367Z"}
2023-07-13T01:48:44.798Z-info: New doctor created succesfully: {"id_doctor":1,"nombre":"John","apellido":"Doe","identificacion":"123","especialidad":"Medicina general","consultorio":"101","correo":"john.doe@gmail.com","updated_at":"2023-07-13T01:48:44.796Z","created_at":"2023-07-13T01:48:44.796Z"}
2023-07-13T01:48:55.637Z-info: New doctor created succesfully: {"id_doctor":1,"nombre":"John","apellido":"Doe","identificacion":"123","especialidad":"Medicina general","consultorio":"101","correo":"john.doe@gmail.com","updated_at":"2023-07-13T01:48:55.634Z","created_at":"2023-07-13T01:48:55.634Z"}
2023-07-13T01:51:27.581Z-info: New doctor created succesfully: {"id_doctor":1,"nombre":"John","apellido":"Doe","identificacion":"123","especialidad":"Medicina general","consultorio":"101","correo":"john.doe@gmail.com","updated_at":"2023-07-13T01:51:27.578Z","created_at":"2023-07-13T01:51:27.578Z"}
2023-07-13T01:52:11.817Z-info: New doctor created succesfully: {"id_doctor":1,"nombre":"John","apellido":"Doe","identificacion":"123","especialidad":"Medicina general","consultorio":"101","correo":"john.doe@gmail.com","updated_at":"2023-07-13T01:52:11.814Z","created_at":"2023-07-13T01:52:11.814Z"}
2023-07-13T01:52:53.951Z-info: New doctor created succesfully: {"id_doctor":1,"nombre":"John","apellido":"Doe","identificacion":"123","especialidad":"Medicina general","consultorio":"101","correo":"john.doe@gmail.com","updated_at":"2023-07-13T01:52:53.949Z","created_at":"2023-07-13T01:52:53.949Z"}
2023-07-13T01:54:33.388Z-info: New doctor created succesfully: {"id_doctor":1,"nombre":"John","apellido":"Doe","identificacion":"123","especialidad":"Medicina general","consultorio":"101","correo":"john.doe@gmail.com","updated_at":"2023-07-13T01:54:33.386Z","created_at":"2023-07-13T01:54:33.386Z"}
2023-07-13T01:54:43.815Z-info: New doctor created succesfully: {"id_doctor":1,"nombre":"John","apellido":"Doe","identificacion":"123","especialidad":"Medicina general","consultorio":"101","correo":"john.doe@gmail.com","updated_at":"2023-07-13T01:54:43.812Z","created_at":"2023-07-13T01:54:43.812Z"}
2023-07-13T01:55:01.749Z-info: New doctor created succesfully: {"id_doctor":1,"nombre":"John","apellido":"Doe","identificacion":"123","especialidad":"Medicina general","consultorio":"101","correo":"john.doe@gmail.com","updated_at":"2023-07-13T01:55:01.746Z","created_at":"2023-07-13T01:55:01.746Z"}
2023-07-13T01:55:11.947Z-info: New doctor created succesfully: {"id_doctor":1,"nombre":"John","apellido":"Doe","identificacion":"123","especialidad":"Medicina general","consultorio":"101","correo":"john.doe@gmail.com","updated_at":"2023-07-13T01:55:11.944Z","created_at":"2023-07-13T01:55:11.944Z"}
2023-07-13T01:56:46.742Z-info: New doctor created succesfully: {"id_doctor":1,"nombre":"John","apellido":"Doe","identificacion":"123","especialidad":"Medicina general","consultorio":"101","correo":"john.doe@gmail.com","updated_at":"2023-07-13T01:56:46.739Z","created_at":"2023-07-13T01:56:46.739Z"}
2023-07-13T01:57:43.498Z-info: New doctor created succesfully: {"id_doctor":1,"nombre":"John","apellido":"Doe","identificacion":"123","especialidad":"Medicina general","consultorio":"101","correo":"john.doe@gmail.com","updated_at":"2023-07-13T01:57:43.494Z","created_at":"2023-07-13T01:57:43.494Z"}
2023-07-13T02:04:09.911Z-info: New doctor created succesfully: {"id_doctor":1,"nombre":"John","apellido":"Doe","identificacion":"123","especialidad":"Medicina general","consultorio":"101","correo":"john.doe@gmail.com","updated_at":"2023-07-13T02:04:09.909Z","created_at":"2023-07-13T02:04:09.909Z"}
2023-07-13T02:04:36.565Z-info: New doctor created succesfully: {"id_doctor":1,"nombre":"John","apellido":"Doe","identificacion":"123","especialidad":"Medicina general","consultorio":"101","correo":"john.doe@gmail.com","updated_at":"2023-07-13T02:04:36.562Z","created_at":"2023-07-13T02:04:36.562Z"}
2023-07-13T02:05:47.317Z-info: New doctor created succesfully: {"id_doctor":1,"nombre":"John","apellido":"Doe","identificacion":"123","especialidad":"Medicina general","consultorio":"101","correo":"john.doe@gmail.com","updated_at":"2023-07-13T02:05:47.315Z","created_at":"2023-07-13T02:05:47.315Z"}
2023-07-13T02:09:10.103Z-info: New doctor created succesfully: {"id_doctor":1,"nombre":"John","apellido":"Doe","identificacion":"123","especialidad":"Medicina general","consultorio":"101","correo":"john.doe@gmail.com","updated_at":"2023-07-13T02:09:10.100Z","created_at":"2023-07-13T02:09:10.100Z"}
2023-07-13T02:10:49.255Z-info: New doctor created succesfully: {"id_doctor":1,"nombre":"John","apellido":"Doe","identificacion":"123","especialidad":"Medicina general","consultorio":"101","correo":"john.doe@gmail.com","updated_at":"2023-07-13T02:10:49.253Z","created_at":"2023-07-13T02:10:49.253Z"}
2023-07-13T02:12:20.634Z-info: New doctor created succesfully: {"id_doctor":1,"nombre":"John","apellido":"Doe","identificacion":"123","especialidad":"Medicina general","consultorio":"101","correo":"john.doe@gmail.com","updated_at":"2023-07-13T02:12:20.631Z","created_at":"2023-07-13T02:12:20.631Z"}
2023-07-13T02:12:34.020Z-info: New doctor created succesfully: {"id_doctor":1,"nombre":"John","apellido":"Doe","identificacion":"123","especialidad":"Medicina general","consultorio":"101","correo":"john.doe@gmail.com","updated_at":"2023-07-13T02:12:34.017Z","created_at":"2023-07-13T02:12:34.017Z"}
2023-07-13T02:13:47.644Z-info: New doctor created succesfully: {"id_doctor":1,"nombre":"John","apellido":"Doe","identificacion":"123","especialidad":"Medicina general","consultorio":"101","correo":"john.doe@gmail.com","updated_at":"2023-07-13T02:13:47.640Z","created_at":"2023-07-13T02:13:47.640Z"}
2023-07-13T02:14:54.948Z-info: New doctor created succesfully: {"id_doctor":1,"nombre":"John","apellido":"Doe","identificacion":"123","especialidad":"Medicina general","consultorio":"101","correo":"john.doe@gmail.com","updated_at":"2023-07-13T02:14:54.945Z","created_at":"2023-07-13T02:14:54.945Z"}
2023-07-13T02:19:02.417Z-info: New doctor created succesfully: {"id_doctor":1,"nombre":"John","apellido":"Doe","identificacion":"123","especialidad":"Medicina general","consultorio":"101","correo":"john.doe@gmail.com","updated_at":"2023-07-13T02:19:02.414Z","created_at":"2023-07-13T02:19:02.414Z"}
2023-07-13T02:19:57.454Z-info: New doctor created succesfully: {"id_doctor":1,"nombre":"John","apellido":"Doe","identificacion":"123","especialidad":"Medicina general","consultorio":"101","correo":"john.doe@gmail.com","updated_at":"2023-07-13T02:19:57.452Z","created_at":"2023-07-13T02:19:57.452Z"}
2023-07-13T02:20:45.808Z-info: New doctor created succesfully: {"id_doctor":1,"nombre":"John","apellido":"Doe","identificacion":"123","especialidad":"Medicina general","consultorio":"101","correo":"john.doe@gmail.com","updated_at":"2023-07-13T02:20:45.806Z","created_at":"2023-07-13T02:20:45.806Z"}
2023-07-13T02:23:09.766Z-info: New doctor created succesfully: {"id_doctor":1,"nombre":"John","apellido":"Doe","identificacion":"123","especialidad":"Medicina general","consultorio":"101","correo":"john.doe@gmail.com","updated_at":"2023-07-13T02:23:09.764Z","created_at":"2023-07-13T02:23:09.764Z"}
2023-07-13T02:28:34.156Z-info: New doctor created succesfully: {"id_doctor":1,"nombre":"John","apellido":"Doe","identificacion":"123","especialidad":"Medicina general","consultorio":"101","correo":"john.doe@gmail.com","updated_at":"2023-07-13T02:28:34.154Z","created_at":"2023-07-13T02:28:34.154Z"}
2023-07-13T02:29:06.573Z-info: New doctor created succesfully: {"id_doctor":1,"nombre":"John","apellido":"Doe","identificacion":"123","especialidad":"Medicina general","consultorio":"101","correo":"john.doe@gmail.com","updated_at":"2023-07-13T02:29:06.570Z","created_at":"2023-07-13T02:29:06.570Z"}
2023-07-13T02:29:40.601Z-info: New doctor created succesfully: {"id_doctor":1,"nombre":"John","apellido":"Doe","identificacion":"123","especialidad":"Medicina general","consultorio":"101","correo":"john.doe@gmail.com","updated_at":"2023-07-13T02:29:40.599Z","created_at":"2023-07-13T02:29:40.599Z"}
2023-07-13T02:30:45.459Z-info: New doctor created succesfully: {"id_doctor":1,"nombre":"John","apellido":"Doe","identificacion":"123","especialidad":"Medicina general","consultorio":"101","correo":"john.doe@gmail.com","updated_at":"2023-07-13T02:30:45.453Z","created_at":"2023-07-13T02:30:45.453Z"}
2023-07-13T02:31:39.131Z-info: New doctor created succesfully: {"id_doctor":1,"nombre":"John","apellido":"Doe","identificacion":"123","especialidad":"Medicina general","consultorio":"101","correo":"john.doe@gmail.com","updated_at":"2023-07-13T02:31:39.129Z","created_at":"2023-07-13T02:31:39.129Z"}
2023-07-13T02:32:21.734Z-info: New doctor created succesfully: {"id_doctor":1,"nombre":"John","apellido":"Doe","identificacion":"123","especialidad":"Medicina general","consultorio":"101","correo":"john.doe@gmail.com","updated_at":"2023-07-13T02:32:21.731Z","created_at":"2023-07-13T02:32:21.731Z"}
2023-07-13T02:32:45.243Z-info: New doctor created succesfully: {"id_doctor":1,"nombre":"John","apellido":"Doe","identificacion":"123","especialidad":"Medicina general","consultorio":"101","correo":"john.doe@gmail.com","updated_at":"2023-07-13T02:32:45.239Z","created_at":"2023-07-13T02:32:45.239Z"}
2023-07-13T02:33:08.713Z-info: New doctor created succesfully: {"id_doctor":1,"nombre":"John","apellido":"Doe","identificacion":"123","especialidad":"Medicina general","consultorio":"101","correo":"john.doe@gmail.com","updated_at":"2023-07-13T02:33:08.710Z","created_at":"2023-07-13T02:33:08.710Z"}
2023-07-13T02:34:19.466Z-info: New doctor created succesfully: {"id_doctor":1,"nombre":"John","apellido":"Doe","identificacion":"123","especialidad":"Medicina general","consultorio":"101","correo":"john.doe@gmail.com","updated_at":"2023-07-13T02:34:19.463Z","created_at":"2023-07-13T02:34:19.463Z"}
2023-07-13T02:35:29.296Z-info: New doctor created succesfully: {"id_doctor":1,"nombre":"John","apellido":"Doe","identificacion":"123","especialidad":"Medicina general","consultorio":"101","correo":"john.doe@gmail.com","updated_at":"2023-07-13T02:35:29.294Z","created_at":"2023-07-13T02:35:29.294Z"}
2023-07-13T02:35:55.389Z-info: New doctor created succesfully: {"id_doctor":1,"nombre":"John","apellido":"Doe","identificacion":"123","especialidad":"Medicina general","consultorio":"101","correo":"john.doe@gmail.com","updated_at":"2023-07-13T02:35:55.386Z","created_at":"2023-07-13T02:35:55.386Z"}
2023-07-13T02:36:53.101Z-info: New doctor created succesfully: {"id_doctor":1,"nombre":"John","apellido":"Doe","identificacion":"123","especialidad":"Medicina general","consultorio":"101","correo":"john.doe@gmail.com","updated_at":"2023-07-13T02:36:53.098Z","created_at":"2023-07-13T02:36:53.098Z"}
2023-07-13T02:37:18.748Z-info: New doctor created succesfully: {"id_doctor":1,"nombre":"John","apellido":"Doe","identificacion":"123","especialidad":"Medicina general","consultorio":"101","correo":"john.doe@gmail.com","updated_at":"2023-07-13T02:37:18.745Z","created_at":"2023-07-13T02:37:18.745Z"}
2023-07-13T02:40:07.411Z-info: New doctor created succesfully: {"id_doctor":1,"nombre":"John","apellido":"Doe","identificacion":"123","especialidad":"Medicina general","consultorio":"101","correo":"john.doe@gmail.com","updated_at":"2023-07-13T02:40:07.408Z","created_at":"2023-07-13T02:40:07.408Z"}
2023-07-13T02:41:20.861Z-info: New doctor created succesfully: {"id_doctor":1,"nombre":"John","apellido":"Doe","identificacion":"123","especialidad":"Medicina general","consultorio":"101","correo":"john.doe@gmail.com","updated_at":"2023-07-13T02:41:20.858Z","created_at":"2023-07-13T02:41:20.858Z"}
2023-07-13T02:47:39.358Z-info: New doctor created succesfully: {"id_doctor":1,"nombre":"John","apellido":"Doe","identificacion":"123","especialidad":"Medicina general","consultorio":"101","correo":"john.doe@gmail.com","updated_at":"2023-07-13T02:47:39.355Z","created_at":"2023-07-13T02:47:39.355Z"}
2023-07-13T02:48:00.329Z-info: New doctor created succesfully: {"id_doctor":1,"nombre":"John","apellido":"Doe","identificacion":"123","especialidad":"Medicina general","consultorio":"101","correo":"john.doe@gmail.com","updated_at":"2023-07-13T02:48:00.326Z","created_at":"2023-07-13T02:48:00.326Z"}
2023-07-13T02:48:12.833Z-info: New doctor created succesfully: {"id_doctor":1,"nombre":"John","apellido":"Doe","identificacion":"123","especialidad":"Medicina general","consultorio":"101","correo":"john.doe@gmail.com","updated_at":"2023-07-13T02:48:12.831Z","created_at":"2023-07-13T02:48:12.831Z"}
2023-07-13T02:48:12.878Z-info: Doctor deleted succesfully: undefined
2023-07-13T02:48:51.474Z-info: New doctor created succesfully: {"id_doctor":1,"nombre":"John","apellido":"Doe","identificacion":"123","especialidad":"Medicina general","consultorio":"101","correo":"john.doe@gmail.com","updated_at":"2023-07-13T02:48:51.469Z","created_at":"2023-07-13T02:48:51.469Z"}
2023-07-13T02:48:51.526Z-info: Doctor deleted succesfully: undefined
2023-07-13T02:49:33.039Z-info: New doctor created succesfully: {"id_doctor":1,"nombre":"John","apellido":"Doe","identificacion":"123","especialidad":"Medicina general","consultorio":"101","correo":"john.doe@gmail.com","updated_at":"2023-07-13T02:49:33.037Z","created_at":"2023-07-13T02:49:33.037Z"}
2023-07-13T02:50:00.020Z-info: New doctor created succesfully: {"id_doctor":1,"nombre":"John","apellido":"Doe","identificacion":"123","especialidad":"Medicina general","consultorio":"101","correo":"john.doe@gmail.com","updated_at":"2023-07-13T02:50:00.017Z","created_at":"2023-07-13T02:50:00.017Z"}
2023-07-13T02:50:26.214Z-info: New doctor created succesfully: {"id_doctor":1,"nombre":"John","apellido":"Doe","identificacion":"123","especialidad":"Medicina general","consultorio":"101","correo":"john.doe@gmail.com","updated_at":"2023-07-13T02:50:26.211Z","created_at":"2023-07-13T02:50:26.211Z"}
2023-07-13T02:50:45.826Z-info: New doctor created succesfully: {"id_doctor":1,"nombre":"John","apellido":"Doe","identificacion":"123","especialidad":"Medicina general","consultorio":"101","correo":"john.doe@gmail.com","updated_at":"2023-07-13T02:50:45.824Z","created_at":"2023-07-13T02:50:45.824Z"}
2023-07-13T02:51:16.986Z-info: New doctor created succesfully: {"id_doctor":1,"nombre":"John","apellido":"Doe","identificacion":"123","especialidad":"Medicina general","consultorio":"101","correo":"john.doe@gmail.com","updated_at":"2023-07-13T02:51:16.981Z","created_at":"2023-07-13T02:51:16.981Z"}
2023-07-13T02:51:48.665Z-info: New doctor created succesfully: {"id_doctor":1,"nombre":"John","apellido":"Doe","identificacion":"123","especialidad":"Medicina general","consultorio":"101","correo":"john.doe@gmail.com","updated_at":"2023-07-13T02:51:48.662Z","created_at":"2023-07-13T02:51:48.662Z"}
2023-07-13T02:51:48.709Z-info: Doctor deleted succesfully: undefined
2023-07-13T02:52:25.445Z-info: New doctor created succesfully: {"id_doctor":1,"nombre":"John","apellido":"Doe","identificacion":"123","especialidad":"Medicina general","consultorio":"101","correo":"john.doe@gmail.com","updated_at":"2023-07-13T02:52:25.442Z","created_at":"2023-07-13T02:52:25.442Z"}
2023-07-13T02:52:25.489Z-info: Doctor deleted succesfully: undefined
2023-07-13T02:52:44.697Z-info: New doctor created succesfully: {"id_doctor":1,"nombre":"John","apellido":"Doe","identificacion":"123","especialidad":"Medicina general","consultorio":"101","correo":"john.doe@gmail.com","updated_at":"2023-07-13T02:52:44.694Z","created_at":"2023-07-13T02:52:44.694Z"}
2023-07-13T02:52:44.742Z-info: Doctor deleted succesfully: undefined
2023-07-13T02:54:12.037Z-info: New doctor created succesfully: {"id_doctor":1,"nombre":"John","apellido":"Doe","identificacion":"123","especialidad":"Medicina general","consultorio":"101","correo":"john.doe@gmail.com","updated_at":"2023-07-13T02:54:12.035Z","created_at":"2023-07-13T02:54:12.035Z"}
2023-07-13T02:54:12.078Z-info: Doctor deleted succesfully: undefined
2023-07-13T02:54:44.776Z-info: New doctor created succesfully: {"id_doctor":1,"nombre":"John","apellido":"Doe","identificacion":"123","especialidad":"Medicina general","consultorio":"101","correo":"john.doe@gmail.com","updated_at":"2023-07-13T02:54:44.773Z","created_at":"2023-07-13T02:54:44.773Z"}
2023-07-13T02:55:23.858Z-info: New doctor created succesfully: {"id_doctor":1,"nombre":"John","apellido":"Doe","identificacion":"123","especialidad":"Medicina general","consultorio":"101","correo":"john.doe@gmail.com","updated_at":"2023-07-13T02:55:23.856Z","created_at":"2023-07-13T02:55:23.856Z"}
2023-07-13T02:56:56.499Z-info: New doctor created succesfully: {"id_doctor":1,"nombre":"John","apellido":"Doe","identificacion":"123","especialidad":"Medicina general","consultorio":"101","correo":"john.doe@gmail.com","updated_at":"2023-07-13T02:56:56.495Z","created_at":"2023-07-13T02:56:56.495Z"}
2023-07-13T02:57:27.539Z-info: New doctor created succesfully: {"id_doctor":1,"nombre":"John","apellido":"Doe","identificacion":"123","especialidad":"Medicina general","consultorio":"101","correo":"john.doe@gmail.com","updated_at":"2023-07-13T02:57:27.536Z","created_at":"2023-07-13T02:57:27.536Z"}
2023-07-13T02:57:53.501Z-info: New doctor created succesfully: {"id_doctor":1,"nombre":"John","apellido":"Doe","identificacion":"123","especialidad":"Medicina general","consultorio":"101","correo":"john.doe@gmail.com","updated_at":"2023-07-13T02:57:53.499Z","created_at":"2023-07-13T02:57:53.499Z"}
2023-07-13T02:58:33.566Z-info: New doctor created succesfully: {"id_doctor":1,"nombre":"John","apellido":"Doe","identificacion":"123","especialidad":"Medicina general","consultorio":"101","correo":"john.doe@gmail.com","updated_at":"2023-07-13T02:58:33.564Z","created_at":"2023-07-13T02:58:33.564Z"}
2023-07-13T02:59:42.452Z-info: New doctor created succesfully: {"id_doctor":1,"nombre":"John","apellido":"Doe","identificacion":"123","especialidad":"Medicina general","consultorio":"101","correo":"john.doe@gmail.com","updated_at":"2023-07-13T02:59:42.449Z","created_at":"2023-07-13T02:59:42.449Z"}
2023-07-13T03:00:09.416Z-info: New doctor created succesfully: {"id_doctor":1,"nombre":"John","apellido":"Doe","identificacion":"123","especialidad":"Medicina general","consultorio":"101","correo":"john.doe@gmail.com","updated_at":"2023-07-13T03:00:09.414Z","created_at":"2023-07-13T03:00:09.414Z"}
2023-07-13T03:00:58.902Z-info: New doctor created succesfully: {"id_doctor":1,"nombre":"John","apellido":"Doe","identificacion":"123","especialidad":"Medicina general","consultorio":"101","correo":"john.doe@gmail.com","updated_at":"2023-07-13T03:00:58.899Z","created_at":"2023-07-13T03:00:58.899Z"}
2023-07-13T03:02:06.816Z-info: New doctor created succesfully: {"id_doctor":1,"nombre":"John","apellido":"Doe","identificacion":"123","especialidad":"Medicina general","consultorio":"101","correo":"john.doe@gmail.com","updated_at":"2023-07-13T03:02:06.812Z","created_at":"2023-07-13T03:02:06.812Z"}
2023-07-13T03:02:06.852Z-info: Doctor updated succesfully: undefined
2023-07-13T03:02:13.956Z-info: New doctor created succesfully: {"id_doctor":1,"nombre":"John","apellido":"Doe","identificacion":"123","especialidad":"Medicina general","consultorio":"101","correo":"john.doe@gmail.com","updated_at":"2023-07-13T03:02:13.953Z","created_at":"2023-07-13T03:02:13.953Z"}
2023-07-13T03:02:14.036Z-info: Doctor deleted succesfully: undefined
2023-07-13T03:02:32.288Z-info: New doctor created succesfully: {"id_doctor":1,"nombre":"John","apellido":"Doe","identificacion":"123","especialidad":"Medicina general","consultorio":"101","correo":"john.doe@gmail.com","updated_at":"2023-07-13T03:02:32.286Z","created_at":"2023-07-13T03:02:32.286Z"}
2023-07-13T03:02:32.398Z-info: Doctor deleted succesfully: undefined
2023-07-13T03:03:08.619Z-info: New doctor created succesfully: {"id_doctor":1,"nombre":"John","apellido":"Doe","identificacion":"123","especialidad":"Medicina general","consultorio":"101","correo":"john.doe@gmail.com","updated_at":"2023-07-13T03:03:08.616Z","created_at":"2023-07-13T03:03:08.616Z"}
2023-07-13T03:03:08.736Z-info: Doctor deleted succesfully: {"id_doctor":2,"nombre":"Maria","apellido":"Williams","identificacion":"321","especialidad":"Odontología","consultorio":"200","correo":"maria.williams@gmail.com","updated_at":"2023-07-13T03:03:08.697Z","created_at":"2023-07-13T03:03:08.697Z"}
2023-07-13T03:03:57.692Z-info: New doctor created succesfully: {"id_doctor":1,"nombre":"John","apellido":"Doe","identificacion":"123","especialidad":"Medicina general","consultorio":"101","correo":"john.doe@gmail.com","updated_at":"2023-07-13T03:03:57.690Z","created_at":"2023-07-13T03:03:57.690Z"}
2023-07-13T03:03:57.778Z-info: Doctor deleted succesfully: {"id_doctor":1,"nombre":"John","apellido":"Doe","identificacion":"123","especialidad":"Medicina general","consultorio":"101","correo":"john.doe@gmail.com","updated_at":"2023-07-13T03:03:57.738Z","created_at":"2023-07-13T03:03:57.738Z"}
2023-07-13T03:04:25.283Z-info: New doctor created succesfully: {"id_doctor":1,"nombre":"John","apellido":"Doe","identificacion":"123","especialidad":"Medicina general","consultorio":"101","correo":"john.doe@gmail.com","updated_at":"2023-07-13T03:04:25.270Z","created_at":"2023-07-13T03:04:25.270Z"}
2023-07-13T03:04:25.523Z-info: Doctor updated succesfully: {"id_doctor":1,"nombre":"John","apellido":"Doe","identificacion":"123","especialidad":"Medicina general","consultorio":"101","correo":"john.doe@gmail.com","updated_at":"2023-07-13T03:04:25.518Z","created_at":"2023-07-13T03:04:25.518Z"}
2023-07-13T03:04:25.689Z-info: Doctor deleted succesfully: {"id_doctor":1,"nombre":"John","apellido":"Doe","identificacion":"123","especialidad":"Medicina general","consultorio":"101","correo":"john.doe@gmail.com","updated_at":"2023-07-13T03:04:25.554Z","created_at":"2023-07-13T03:04:25.554Z"}
