2023-06-30T00:43:25.719Z-error: Database Error
2023-06-30T14:17:19.984Z-error: Database Erroor
2023-06-30T14:17:47.520Z-error: Error: Database Error
2023-06-30T14:18:08.116Z-error: Database Error
2023-06-30T14:18:43.678Z-error: Database Error
2023-06-30T14:19:06.277Z-error: Database Error
2023-06-30T14:22:11.653Z-error: Database Error
2023-07-01T23:21:47.191Z-error: Error from doctorRepository: [error: database "gestion_citas1" does not exist]
2023-07-01T23:22:38.817Z-error: Error from doctorRepository: [error: database "gestion_citas1" does not exist]
2023-07-01T23:23:58.186Z-error: Error from doctorRepository: [error: database "gestion_citas1" does not exist]
2023-07-01T23:27:44.574Z-error: Error from doctorRepository: [error: database "gestion_citas1" does not exist]
2023-07-01T23:30:31.568Z-error: Error getting all doctors in doctorRepository: [error: database "gestion_citas1" does not exist]
2023-07-01T23:33:38.089Z-error: Error creating a new doctor in doctorRepository: [error: database "gestion_citas1" does not exist]
2023-07-01T23:33:57.030Z-error: Error creating a new doctor in doctorRepository: [error: database "gestion_citas1" does not exist]
2023-07-01T23:34:46.727Z-error: Error creating a new doctor in doctorRepository: [error: database "gestion_citas1" does not exist]
2023-07-01T23:34:47.743Z-error: Error creating a new doctor in doctorRepository: [error: database "gestion_citas1" does not exist]
2023-07-01T23:35:19.948Z-error: Error creating a new doctor in doctorRepository: [error: database "gestion_citas1" does not exist]
2023-07-01T23:36:35.687Z-error: Error creating a neew doctor in doctorRepository: [error: database "gestion_citas1" does not exist]
2023-07-01T23:37:27.412Z-error: Error getting all doctors in doctorRepository: [error: database "gestion_citas1" does not exist]
2023-07-01T23:38:39.982Z-error: Error getting all doctors in doctorRepository: [error: password authentication failed for user "postgress"]
2023-07-01T23:43:00.275Z-error: Error creating a new doctor in doctorRepository: [TypeError: logger_1.default.ingo is not a function]
2023-07-02T14:53:08.528Z-error: Failed to update doctor in doctorService: [Error: Record has not found yet]
2023-07-02T15:09:49.487Z-error: Failed to delete doctor in doctorService: [Error: Record has not found yet]
2023-07-02T15:39:50.663Z-error: Failed to update doctor in doctorService: [Error: Record has not found yet]
2023-07-02T15:40:03.182Z-error: Failed to update doctor in doctorService: [Error: Record has not found yet]
2023-07-02T15:44:21.247Z-error: Error getting doctor in doctorService: [Error: Record has not found yet]
2023-07-02T15:44:47.783Z-error: Error getting doctor in doctorService: [Error: Record has not found yet]
2023-07-02T15:44:49.168Z-error: Error getting doctor in doctorService: [Error: Record has not found yet]
2023-07-02T15:46:18.073Z-error: Error getting doctor in doctorService: [Error: Record has not found yet]
2023-07-02T15:46:53.836Z-error: Error getting doctor in doctorService: [Error: Record has not found yet]
2023-07-02T15:47:42.126Z-error: Error getting doctor in doctorService: [Error: Record has not found yet]
2023-07-02T15:48:43.047Z-error: Error getting doctor in doctorService: [Error: Record has not found yet]
2023-07-02T15:50:03.113Z-error: Error getting doctor in doctorService: [Error: Record has not found yet]
2023-07-02T15:52:38.320Z-error: Error getting doctor in doctorRepository: [error: database "gestion_citas1" does not exist]
2023-07-02T15:52:38.321Z-error: Error getting doctor in doctorService: [Error: Error getting doctor]
2023-07-02T16:11:43.587Z-error: Error getting doctor in doctorRepository: [error: database "gestion_citas1" does not exist]
2023-07-02T16:11:43.587Z-error: Error getting doctor in doctorService: [Error: Error getting doctor]
2023-07-02T16:14:03.589Z-error: Error getting doctor in doctorService: [Error: Failed to get doctor by id]
2023-07-02T16:18:03.626Z-error: Error getting doctor in doctorService: [Error: Failed to get doctor by id]
2023-07-02T16:19:13.787Z-error: Error getting doctor in doctorService: [Error: Failed to get doctor by id]
2023-07-02T16:20:36.374Z-error: Error getting doctor in doctorService: [Error: Failed to get doctor by id]
2023-07-02T16:24:39.858Z-error: Error getting doctor in doctorService: [Error: Record has not found yet]
2023-07-02T16:25:04.344Z-error: Error getting doctor in doctorService: [Error: Record has not found yet]
2023-07-02T16:25:04.359Z-error: Error getting doctor in doctorService: [Error: Failed to get doctor by id]
2023-07-02T16:25:39.227Z-error: Error getting doctor in doctorService: [Error: Error gettin doctor]
2023-07-02T16:25:39.235Z-error: Error getting doctor in doctorService: [Error: Failed to get doctor by id]
2023-07-02T16:26:01.090Z-error: Error getting doctor in doctorService: [Error: Error gettin doctor]
2023-07-02T16:26:01.142Z-error: Error getting doctor in doctorService: [Error: Failed to get doctor by id]
2023-07-02T16:26:23.760Z-error: Error getting doctor in doctorService: [Error: Error getting doctor]
2023-07-02T16:26:23.767Z-error: Error getting doctor in doctorService: [Error: Failed to get doctor by id]
2023-07-02T16:29:14.221Z-error: Failed to update doctor in doctorService: [Error: Record has not found yet]
2023-07-02T16:29:29.271Z-error: Failed to update doctor in doctorService: [Error: Record has not found yet]
2023-07-02T16:31:05.742Z-error: Failed to delete doctor in doctorService: [Error: Record has not found yet]
2023-07-02T16:31:30.849Z-error: Error getting doctor in doctorRepository: [error: database "gestion_citas1" does not exist]
2023-07-02T16:31:30.850Z-error: Failed to delete doctor in doctorService: [Error: Error getting doctor]
2023-07-02T16:44:31.097Z-error: Error creating a new patient in patientRepository: [error: database "gestion_citas1" does not exist]
2023-07-02T16:49:39.981Z-error: Failed to delete patient in PatientService: [Error: Record has not found yet]
2023-07-02T17:07:05.931Z-error: Error getting patient in PatientService: [Error: Must be a number]
2023-07-02T22:11:57.475Z-error: Error creating appointment in AppointmentService: [Error: Record has not found yet]
2023-07-02T22:16:01.864Z-error: Error creating appointment in AppointmentService: [Error: Record has not found yet]
2023-07-02T22:16:15.921Z-error: Error creating appointment in AppointmentService: [Error: ID must be a number]
2023-07-02T22:19:06.406Z-error: Error creating appointment in AppointmentService: [Error: Record has not found yet]
2023-07-02T22:19:41.210Z-error: Error creating appointment in AppointmentService: [Error: Record has not found yet]
2023-07-02T22:22:45.137Z-error: Error creating appointment in AppointmentService: [Error: Doctor Carlos Mario has not that especialidad]
2023-07-02T22:22:59.877Z-error: Error creating appointment in AppointmentService: [Error: Doctor Carlos Mario has not that especialidad]
2023-07-02T22:23:14.994Z-error: Error creating appointment in AppointmentService: [Error: Doctor Carlos Mario has not that especialidad]
2023-07-03T16:06:28.578Z-error: Error creating a new doctor in DoctorRepository: [error: database "gestion_citas1" does not exist]
2023-07-03T16:14:08.711Z-error: Error getting all doctors in DoctorRepository: [error: database "gestion_citas1" does not exist]
2023-07-03T21:02:00.630Z-error: Error creating appointment in AppointmentService: [Error: Record has not been found.]
2023-07-03T21:02:44.600Z-error: Error creating appointment in AppointmentService: [Error: Record has not been found.]
2023-07-03T21:02:45.735Z-error: Error creating appointment in AppointmentService: [Error: Record has not been found.]
2023-07-03T21:04:10.397Z-error: Error creating appointment in AppointmentService: [Error: Record has not been found.]
2023-07-03T21:26:48.833Z-error: Error creating appointment in AppointmentService: [TypeError: doctor.map is not a function]
2023-07-03T23:28:40.915Z-error: Error getting doctor in DoctorRepository: [Error: Undefined binding(s) detected when compiling SELECT. Undefined column(s): [id_paciente] query: select * from "citas" where "id_paciente" = ?]
2023-07-03T23:28:40.917Z-error: Error getting appointment in AppointmentService: [Error: Error getting doctor]
2023-07-03T23:28:44.496Z-error: Error getting doctor in DoctorRepository: [Error: Undefined binding(s) detected when compiling SELECT. Undefined column(s): [id_paciente] query: select * from "citas" where "id_paciente" = ?]
2023-07-03T23:28:44.498Z-error: Error getting appointment in AppointmentService: [Error: Error getting doctor]
2023-07-03T23:29:35.954Z-error: Error getting doctor in DoctorRepository: [Error: Undefined binding(s) detected when compiling SELECT. Undefined column(s): [id_paciente] query: select * from "citas" where "id_paciente" = ?]
2023-07-03T23:29:35.955Z-error: Error getting appointment in AppointmentService: [Error: Error getting doctor]
2023-07-03T23:53:56.914Z-error: Error getting appointment in AppointmentRepository: [error: select * from "citas" where "id_doctor" = $1 - invalid input syntax for type bigint: "{"40","39","30","31"}"]
2023-07-03T23:53:56.916Z-error: Error getting appointment in AppointmentService: [Error: Error getting appointment]
2023-07-03T23:56:43.505Z-error: Error getting appointment in AppointmentService: [TypeError: appointmentsDoctor.append is not a function]
2023-07-03T23:56:44.500Z-error: Error getting appointment in AppointmentService: [TypeError: appointmentsDoctor.append is not a function]
2023-07-13T23:31:38.461Z-error: Error getting all doctors in DoctorService: [Error: Database Error]
2023-07-13T23:32:10.941Z-error: Error getting all doctors in DoctorService: [Error: Database Error]
2023-07-13T23:32:35.758Z-error: Error getting all doctors in DoctorService: [Error: Error getting all doctors]
2023-07-13T23:33:50.492Z-error: Error getting all doctors in DoctorService: [Error]
2023-07-13T23:34:56.393Z-error: Error getting all doctors in doctorRepository: []
2023-07-13T23:34:56.401Z-error: Error getting all doctors in DoctorService: [Error]
2023-07-13T23:35:08.823Z-error: Error getting all doctors in doctorRepository: []
2023-07-13T23:36:50.588Z-error: Error getting all doctors in doctorRepository: []
2023-07-13T23:37:10.442Z-error: Error getting all doctors in DoctorService: []
2023-07-13T23:38:25.268Z-error: Error getting all doctors in doctorRepository: []
2023-07-13T23:39:02.374Z-error: Error getting all doctors in doctorRepository: []
2023-07-13T23:39:41.696Z-error: Error getting all doctors in doctorRepository: []
2023-07-13T23:40:32.763Z-error: Error getting all doctors in doctorRepository: []
2023-07-13T23:40:58.436Z-error: Error getting all doctors in DoctorService: [Error]
2023-07-13T23:41:21.976Z-error: Error getting all doctors in DoctorService: [Error]
2023-07-13T23:42:16.779Z-error: Error getting all s in : []
2023-07-13T23:42:45.456Z-error: Error getting all doctors in : []
2023-07-13T23:43:19.141Z-error: Error getting all doctors in DoctorService: [Error getting all doctors]
2023-07-13T23:44:15.833Z-error: Error getting all doctors in doctorRepository: []
2023-07-13T23:44:15.859Z-error: Error getting all doctors in DoctorService: [Error]
2023-07-13T23:45:01.085Z-error: Error getting all doctors in doctorService: []
2023-07-13T23:45:01.094Z-error: Error getting all doctors in DoctorService: [Error]
2023-07-13T23:45:38.646Z-error: Error getting all doctors in doctorService: []
2023-07-13T23:45:38.655Z-error: Error getting all doctors in DoctorService: [Error]
2023-07-13T23:46:27.022Z-error: Error getting all doctors in doctorService: []
2023-07-13T23:48:10.678Z-error: Error getting all doctors in DoctorService: [Error]
2023-07-13T23:48:39.513Z-error: Error getting all doctors in DoctorService: [Error]
2023-07-13T23:49:03.631Z-error: Error getting all doctors in DoctorService: [Error]
2023-07-13T23:49:23.296Z-error: Error getting all doctors in DoctorService: [Error]
2023-07-13T23:49:56.240Z-error: Error getting all doctors in DoctorService: [Error]
2023-07-13T23:50:56.403Z-error: Error getting all doctors in DoctorService: [Error]
2023-07-13T23:51:31.937Z-error: Error getting all doctors in DoctorService: [Error]
2023-07-13T23:51:58.423Z-error: Error getting all doctors in DoctorService: [Error]
2023-07-13T23:52:56.499Z-error: Error getting all doctors in DoctorService: []
2023-07-14T00:35:50.861Z-error: Error getting all doctors in doctorRepository: []
2023-07-14T00:35:50.870Z-error: Error getting all doctors in DoctorService: []
2023-07-14T00:38:04.091Z-error: Error getting all doctors in doctorRepository: []
2023-07-14T00:38:04.099Z-error: Error getting all doctors in DoctorService: []
2023-07-14T00:40:21.299Z-error: Error getting all doctors in doctorRepository: []
2023-07-14T00:40:21.307Z-error: Error getting all doctors in DoctorService: []
2023-07-14T00:40:21.311Z-error: Error creating a new doctor in doctorRepository: []
2023-07-14T00:40:21.323Z-error: Error creating a new doctor in DoctorService: [TypeError: Cannot read properties of undefined (reading 'length')]
2023-07-14T00:40:48.783Z-error: Error getting all doctors in doctorRepository: []
2023-07-14T00:40:48.807Z-error: Error creating a new doctor in doctorRepository: []
2023-07-14T00:40:48.808Z-error: Error creating a new doctor in DoctorService: [TypeError: Cannot read properties of undefined (reading 'length')]
2023-07-14T02:09:52.922Z-error: Error getting all doctors in doctorRepository: []
2023-07-14T02:09:52.960Z-error: Error creating a new doctor in doctorRepository: []
2023-07-14T02:09:52.970Z-error: Error creating a new doctor in DoctorService: [TypeError: Cannot read properties of undefined (reading 'length')]
2023-07-14T02:10:51.274Z-error: Error getting all doctors in doctorRepository: []
2023-07-14T02:10:51.279Z-error: Error creating a new doctor in doctorRepository: []
2023-07-14T02:10:51.280Z-error: Error creating a new doctor in DoctorService: [TypeError: Cannot read properties of undefined (reading 'length')]
2023-07-14T02:12:04.820Z-error: Error getting all doctors in doctorRepository: []
2023-07-14T02:12:04.833Z-error: Error creating a new doctor in doctorRepository: []
2023-07-14T02:12:04.834Z-error: Error creating a new doctor in DoctorService: [TypeError: Cannot read properties of undefined (reading 'length')]
2023-07-14T02:12:32.131Z-error: Error getting all doctors in doctorRepository: []
2023-07-14T02:12:32.150Z-error: Error creating a new doctor in doctorRepository: []
2023-07-14T02:12:32.152Z-error: Error creating a new doctor in DoctorService: [TypeError: Cannot read properties of undefined (reading 'length')]
2023-07-14T02:13:10.498Z-error: Error getting all doctors in doctorRepository: []
2023-07-14T02:13:10.509Z-error: Error creating a new doctor in doctorRepository: []
2023-07-14T02:13:10.510Z-error: Error creating a new doctor in DoctorService: [TypeError: Cannot read properties of undefined (reading 'length')]
2023-07-14T02:13:26.176Z-error: Error getting all doctors in doctorRepository: []
2023-07-14T02:13:26.182Z-error: Error creating a new doctor in doctorRepository: []
2023-07-14T02:13:26.182Z-error: Error creating a new doctor in DoctorService: [TypeError: Cannot read properties of undefined (reading 'length')]
2023-07-14T02:15:04.425Z-error: Error getting all doctors in doctorRepository: []
2023-07-14T02:15:04.431Z-error: Error creating a new doctor in doctorRepository: []
2023-07-14T02:15:04.432Z-error: Error creating a new doctor in DoctorService: [TypeError: Cannot read properties of undefined (reading 'length')]
2023-07-14T02:15:43.865Z-error: Error getting all doctors in doctorRepository: []
2023-07-14T02:15:43.882Z-error: Error creating a new doctor in doctorRepository: []
2023-07-14T02:15:43.883Z-error: Error creating a new doctor in DoctorService: [TypeError: Cannot read properties of undefined (reading 'length')]
2023-07-14T02:16:17.936Z-error: Error getting all doctors in doctorRepository: []
2023-07-14T02:16:17.943Z-error: Error creating a new doctor in doctorRepository: []
2023-07-14T02:16:17.943Z-error: Error creating a new doctor in DoctorService: [TypeError: Cannot read properties of undefined (reading 'length')]
2023-07-14T02:16:31.967Z-error: Error getting all doctors in doctorRepository: []
2023-07-14T02:16:31.980Z-error: Error creating a new doctor in doctorRepository: []
2023-07-14T02:16:31.981Z-error: Error creating a new doctor in DoctorService: [TypeError: Cannot read properties of undefined (reading 'length')]
2023-07-14T02:16:54.282Z-error: Error getting all doctors in doctorRepository: []
2023-07-14T02:16:54.288Z-error: Error creating a new doctor in doctorRepository: []
2023-07-14T02:16:54.289Z-error: Error creating a new doctor in DoctorService: [TypeError: Cannot read properties of undefined (reading 'length')]
2023-07-14T02:19:08.429Z-error: Error getting all doctors in doctorRepository: []
2023-07-14T02:19:08.435Z-error: Error creating a new doctor in doctorRepository: []
2023-07-14T02:19:08.435Z-error: Error creating a new doctor in DoctorService: [TypeError: Cannot read properties of undefined (reading 'length')]
2023-07-14T02:20:30.563Z-error: Error getting all doctors in doctorRepository: []
2023-07-14T02:20:30.568Z-error: Error creating a new doctor in doctorRepository: []
2023-07-14T02:20:30.569Z-error: Error creating a new doctor in DoctorService: [TypeError: Cannot read properties of undefined (reading 'length')]
2023-07-14T02:20:30.573Z-error: Error getting doctor in doctorRepository: []
2023-07-14T02:25:15.773Z-error: Error getting all doctors in doctorRepository: []
2023-07-14T02:25:15.778Z-error: Error creating a new doctor in doctorRepository: []
2023-07-14T02:25:15.778Z-error: Error creating a new doctor in DoctorService: [TypeError: Cannot read properties of undefined (reading 'length')]
2023-07-14T02:25:15.786Z-error: Error getting doctor in doctorRepository: []
2023-07-14T02:25:15.806Z-error: Error getting doctor in doctorRepository: []
2023-07-14T02:25:58.345Z-error: Error getting all doctors in doctorRepository: []
2023-07-14T02:25:58.351Z-error: Error creating a new doctor in doctorRepository: []
2023-07-14T02:25:58.351Z-error: Error creating a new doctor in DoctorService: [TypeError: Cannot read properties of undefined (reading 'length')]
2023-07-14T02:25:58.359Z-error: Error getting doctor in doctorRepository: []
2023-07-14T02:25:58.373Z-error: Error getting doctor in doctorRepository: []
2023-07-14T02:26:34.279Z-error: Error getting all doctors in doctorRepository: []
2023-07-14T02:26:34.291Z-error: Error creating a new doctor in doctorRepository: []
2023-07-14T02:26:34.292Z-error: Error creating a new doctor in DoctorService: [TypeError: Cannot read properties of undefined (reading 'length')]
2023-07-14T02:26:34.296Z-error: Error getting doctor in doctorRepository: []
2023-07-14T02:26:34.309Z-error: Error getting doctor in doctorRepository: []
2023-07-14T02:27:23.118Z-error: Error getting all doctors in doctorRepository: []
2023-07-14T02:27:23.127Z-error: Error creating a new doctor in doctorRepository: []
2023-07-14T02:27:23.127Z-error: Error creating a new doctor in DoctorService: [TypeError: Cannot read properties of undefined (reading 'length')]
2023-07-14T02:27:23.131Z-error: Error getting doctor in doctorRepository: []
2023-07-14T02:27:23.151Z-error: Error getting doctor in doctorRepository: []
2023-07-14T02:27:40.420Z-error: Error getting all doctors in doctorRepository: []
2023-07-14T02:27:40.425Z-error: Error creating a new doctor in doctorRepository: []
2023-07-14T02:27:40.426Z-error: Error creating a new doctor in DoctorService: [TypeError: Cannot read properties of undefined (reading 'length')]
2023-07-14T02:27:40.434Z-error: Error getting doctor in doctorRepository: []
2023-07-14T02:27:40.441Z-error: Error getting doctor in doctorRepository: []
2023-07-14T02:31:38.751Z-error: Error getting all doctors in doctorRepository: []
2023-07-14T02:31:38.760Z-error: Error creating a new doctor in doctorRepository: []
2023-07-14T02:31:38.761Z-error: Error creating a new doctor in DoctorService: [TypeError: Cannot read properties of undefined (reading 'length')]
2023-07-14T02:31:38.765Z-error: Error getting doctor in doctorRepository: []
2023-07-14T02:31:38.770Z-error: Error getting doctor in doctorRepository: []
2023-07-14T02:34:57.020Z-error: Error getting all doctors in doctorRepository: []
2023-07-14T02:34:57.027Z-error: Error creating a new doctor in doctorRepository: []
2023-07-14T02:34:57.027Z-error: Error creating a new doctor in DoctorService: [TypeError: Cannot read properties of undefined (reading 'length')]
2023-07-14T02:34:57.030Z-error: Error getting doctor in doctorRepository: []
2023-07-14T02:34:57.035Z-error: Error getting doctor in doctorRepository: []
2023-07-14T02:36:01.289Z-error: Error getting all doctors in doctorRepository: []
2023-07-14T02:36:01.307Z-error: Error creating a new doctor in doctorRepository: []
2023-07-14T02:36:01.308Z-error: Error creating a new doctor in DoctorService: [TypeError: Cannot read properties of undefined (reading 'length')]
2023-07-14T02:36:01.319Z-error: Error getting doctor in doctorRepository: []
2023-07-14T02:36:01.326Z-error: Error getting doctor in doctorRepository: []
2023-07-14T02:36:34.374Z-error: Error getting all doctors in doctorRepository: []
2023-07-14T02:36:34.383Z-error: Error creating a new doctor in doctorRepository: []
2023-07-14T02:36:34.384Z-error: Error creating a new doctor in DoctorService: [TypeError: Cannot read properties of undefined (reading 'length')]
2023-07-14T02:36:34.390Z-error: Error getting doctor in doctorRepository: []
2023-07-14T02:36:34.395Z-error: Error getting doctor in doctorRepository: []
2023-07-14T02:37:14.236Z-error: Error getting all doctors in doctorRepository: []
2023-07-14T02:37:14.244Z-error: Error creating a new doctor in doctorRepository: []
2023-07-14T02:37:14.244Z-error: Error creating a new doctor in DoctorService: [TypeError: Cannot read properties of undefined (reading 'length')]
2023-07-14T02:37:14.249Z-error: Error getting doctor in doctorRepository: []
2023-07-14T02:37:14.256Z-error: Error getting doctor in doctorRepository: []
2023-07-14T02:38:12.926Z-error: Error getting all doctors in doctorRepository: []
2023-07-14T02:38:12.938Z-error: Error creating a new doctor in doctorRepository: []
2023-07-14T02:38:12.938Z-error: Error creating a new doctor in DoctorService: [TypeError: Cannot read properties of undefined (reading 'length')]
2023-07-14T02:38:12.943Z-error: Error getting doctor in doctorRepository: []
2023-07-14T02:38:12.949Z-error: Error getting doctor in doctorRepository: []
2023-07-14T02:38:56.872Z-error: Error getting all doctors in doctorRepository: []
2023-07-14T02:38:56.886Z-error: Error creating a new doctor in doctorRepository: []
2023-07-14T02:38:56.887Z-error: Error creating a new doctor in DoctorService: [TypeError: Cannot read properties of undefined (reading 'length')]
2023-07-14T02:38:56.892Z-error: Error getting doctor in doctorRepository: []
2023-07-14T02:38:56.898Z-error: Error getting doctor in doctorRepository: []
2023-07-14T02:39:45.703Z-error: Error getting all doctors in doctorRepository: []
2023-07-14T02:39:45.714Z-error: Error creating a new doctor in doctorRepository: []
2023-07-14T02:39:45.714Z-error: Error creating a new doctor in DoctorService: [TypeError: Cannot read properties of undefined (reading 'length')]
2023-07-14T02:39:45.719Z-error: Error getting doctor in doctorRepository: []
2023-07-14T02:39:45.727Z-error: Error getting doctor in doctorRepository: []
2023-07-14T02:42:05.025Z-error: Error getting all doctors in doctorRepository: []
2023-07-14T02:42:05.035Z-error: Error creating a new doctor in doctorRepository: []
2023-07-14T02:42:05.036Z-error: Error creating a new doctor in DoctorService: [TypeError: Cannot read properties of undefined (reading 'length')]
2023-07-14T02:42:05.042Z-error: Error getting doctor in doctorRepository: []
2023-07-14T02:42:05.049Z-error: Error getting doctor in doctorRepository: []
2023-07-14T02:44:36.782Z-error: Error getting all doctors in doctorRepository: []
2023-07-14T02:44:36.796Z-error: Error creating a new doctor in doctorRepository: []
2023-07-14T02:44:36.797Z-error: Error creating a new doctor in DoctorService: [TypeError: Cannot read properties of undefined (reading 'length')]
2023-07-14T02:44:36.808Z-error: Error getting doctor in doctorRepository: []
2023-07-14T02:44:36.816Z-error: Error getting doctor in doctorRepository: []
2023-07-14T02:44:36.821Z-error: Error updating doctor in DoctorRepository: []
2023-07-14T02:51:34.744Z-error: Error getting all doctors in doctorRepository: []
2023-07-14T02:51:34.752Z-error: Error creating a new doctor in doctorRepository: []
2023-07-14T02:51:34.753Z-error: Error creating a new doctor in DoctorService: [TypeError: Cannot read properties of undefined (reading 'length')]
2023-07-14T02:51:34.757Z-error: Error getting doctor in doctorRepository: []
2023-07-14T02:51:34.763Z-error: Error getting doctor in doctorRepository: []
2023-07-14T02:51:34.768Z-error: Error updating doctor in DoctorRepository: []
2023-07-14T02:51:34.796Z-error: Error getting appointment in AppointmentRepository: [Error: connect ECONNREFUSED ::1:5433]
2023-07-14T02:51:34.797Z-error: Error deleting doctor in DoctorService: [Error: Error getting appointment]
2023-07-14T02:51:34.809Z-error: Error updating doctor in DoctorRepository: []
2023-07-14T02:52:30.487Z-error: Error getting all doctors in doctorRepository: []
2023-07-14T02:52:30.502Z-error: Error creating a new doctor in doctorRepository: []
2023-07-14T02:52:30.503Z-error: Error creating a new doctor in DoctorService: [TypeError: Cannot read properties of undefined (reading 'length')]
2023-07-14T02:52:30.515Z-error: Error getting doctor in doctorRepository: []
2023-07-14T02:52:30.523Z-error: Error getting doctor in doctorRepository: []
2023-07-14T02:52:30.530Z-error: Error updating doctor in DoctorRepository: []
2023-07-14T02:52:30.561Z-error: Error getting appointment in AppointmentRepository: [Error: connect ECONNREFUSED ::1:5433]
2023-07-14T02:52:30.562Z-error: Error deleting doctor in DoctorService: [Error: Error getting appointment]
2023-07-14T02:52:30.581Z-error: Error updating doctor in DoctorRepository: []
2023-07-14T02:53:32.294Z-error: Error getting all doctors in doctorRepository: []
2023-07-14T02:53:32.308Z-error: Error creating a new doctor in doctorRepository: []
2023-07-14T02:53:32.309Z-error: Error creating a new doctor in DoctorService: [TypeError: Cannot read properties of undefined (reading 'length')]
2023-07-14T02:53:32.318Z-error: Error getting doctor in doctorRepository: []
2023-07-14T02:53:32.327Z-error: Error getting doctor in doctorRepository: []
2023-07-14T02:53:32.332Z-error: Error updating doctor in DoctorRepository: []
2023-07-14T02:53:32.369Z-error: Error getting appointment in AppointmentRepository: [Error: connect ECONNREFUSED ::1:5433]
2023-07-14T02:53:32.370Z-error: Error deleting doctor in DoctorService: [Error: Error getting appointment]
2023-07-14T02:53:32.388Z-error: Error updating doctor in DoctorRepository: []
2023-07-14T02:54:11.019Z-error: Error getting all doctors in doctorRepository: []
2023-07-14T02:54:11.027Z-error: Error creating a new doctor in doctorRepository: []
2023-07-14T02:54:11.028Z-error: Error creating a new doctor in DoctorService: [TypeError: Cannot read properties of undefined (reading 'length')]
2023-07-14T02:54:11.032Z-error: Error getting doctor in doctorRepository: []
2023-07-14T02:54:11.038Z-error: Error getting doctor in doctorRepository: []
2023-07-14T02:54:11.042Z-error: Error updating doctor in DoctorRepository: []
2023-07-14T02:54:11.061Z-error: Error getting appointment in AppointmentRepository: [Error: connect ECONNREFUSED ::1:5433]
2023-07-14T02:54:11.062Z-error: Error deleting doctor in DoctorService: [Error: Error getting appointment]
2023-07-14T02:54:11.076Z-error: Error updating doctor in DoctorRepository: []
2023-07-14T02:55:39.822Z-error: Error getting all doctors in doctorRepository: []
2023-07-14T02:55:39.842Z-error: Error creating a new doctor in doctorRepository: []
2023-07-14T02:55:39.844Z-error: Error creating a new doctor in DoctorService: [TypeError: Cannot read properties of undefined (reading 'length')]
2023-07-14T02:55:39.851Z-error: Error getting doctor in doctorRepository: []
2023-07-14T02:55:39.857Z-error: Error getting doctor in doctorRepository: []
2023-07-14T02:55:39.861Z-error: Error updating doctor in DoctorRepository: []
2023-07-14T02:55:39.878Z-error: Error getting appointment in AppointmentRepository: [Error: connect ECONNREFUSED ::1:5433]
2023-07-14T02:55:39.890Z-error: Error deleting doctor in DoctorService: [Error: Error getting appointment]
2023-07-14T02:55:39.908Z-error: Error updating doctor in DoctorRepository: []
2023-07-14T02:56:41.755Z-error: Error getting all doctors in doctorRepository: []
2023-07-14T02:56:41.799Z-error: Error creating a new doctor in doctorRepository: []
2023-07-14T02:56:41.803Z-error: Error creating a new doctor in DoctorService: [TypeError: Cannot read properties of undefined (reading 'length')]
2023-07-14T02:56:41.819Z-error: Error getting doctor in doctorRepository: []
2023-07-14T02:56:41.831Z-error: Error getting doctor in doctorRepository: []
2023-07-14T02:56:41.841Z-error: Error updating doctor in DoctorRepository: []
2023-07-14T02:56:41.891Z-error: Error getting appointment in AppointmentRepository: [Error: connect ECONNREFUSED ::1:5433]
2023-07-14T02:56:41.895Z-error: Error deleting doctor in DoctorService: [Error: Error getting appointment]
2023-07-14T02:56:41.924Z-error: Error updating doctor in DoctorRepository: []
2023-07-14T03:03:15.374Z-error: Error getting all doctors in doctorRepository: []
2023-07-14T03:03:15.402Z-error: Error creating a new doctor in doctorRepository: []
2023-07-14T03:03:15.405Z-error: Error creating a new doctor in DoctorService: [TypeError: Cannot read properties of undefined (reading 'length')]
2023-07-14T03:03:15.416Z-error: Error getting doctor in doctorRepository: []
2023-07-14T03:03:15.425Z-error: Error getting doctor in doctorRepository: []
2023-07-14T03:03:15.430Z-error: Error updating doctor in DoctorRepository: []
2023-07-14T03:03:15.461Z-error: Error getting appointment in AppointmentRepository: [Error: connect ECONNREFUSED ::1:5433]
2023-07-14T03:03:15.464Z-error: Error deleting doctor in DoctorService: [Error: Error getting appointment]
2023-07-14T03:03:15.481Z-error: Error updating doctor in DoctorRepository: []
2023-07-14T03:04:43.390Z-error: Error getting all doctors in doctorRepository: []
2023-07-14T03:04:43.417Z-error: Error creating a new doctor in doctorRepository: []
2023-07-14T03:04:43.419Z-error: Error creating a new doctor in DoctorService: [TypeError: Cannot read properties of undefined (reading 'length')]
2023-07-14T03:04:43.428Z-error: Error getting doctor in doctorRepository: []
2023-07-14T03:04:43.435Z-error: Error getting doctor in doctorRepository: []
2023-07-14T03:04:43.439Z-error: Error updating doctor in DoctorRepository: []
2023-07-14T03:04:43.460Z-error: Error getting appointment in AppointmentRepository: [Error: connect ECONNREFUSED ::1:5433]
2023-07-14T03:04:43.463Z-error: Error deleting doctor in DoctorService: [Error: Error getting appointment]
2023-07-14T03:04:43.477Z-error: Error updating doctor in DoctorRepository: []
