2023-07-01T23:49:04.494Z-info: 
2023-07-01T23:49:07.086Z-info: New doctor created succesfully: [{"id_doctor":"21","nombre":"John","apellido":"Doe","especialidad":"Medicina General","consultorio":"100","correo":"carlos.rodriguez@gmail.com","created_at":"2023-07-01T23:49:06.961Z","updated_at":"2023-07-01T23:49:06.961Z"}]
2023-07-01T23:55:38.500Z-info: 
2023-07-01T23:55:47.205Z-info: New doctor created succesfully: [{"id_doctor":"22","nombre":"John","apellido":"Doe","especialidad":"Medicina General","consultorio":"100","correo":"carlos.rodriguez@gmail.com","created_at":"2023-07-01T23:55:47.113Z","updated_at":"2023-07-01T23:55:47.113Z"}]
2023-07-02T00:32:43.805Z-info: 
2023-07-02T00:32:45.217Z-info: New doctor created succesfully: [object Object]
2023-07-02T00:51:49.018Z-info: 
2023-07-02T00:52:40.296Z-info: New doctor created succesfully: [{"id_doctor":"24","nombre":"John","apellido":"Doe","especialidad":"Medicina General","consultorio":"100","correo":"carlos.rodriguez@gmail.com","created_at":"2023-07-02T00:52:40.181Z","updated_at":"2023-07-02T00:52:40.181Z"}]
2023-07-02T00:55:09.450Z-info: 
2023-07-02T00:56:33.632Z-info: 
2023-07-02T00:58:40.169Z-info: 
2023-07-02T00:59:38.446Z-info: 
2023-07-02T01:02:27.039Z-info: 
2023-07-02T01:03:09.556Z-info: 
2023-07-02T01:05:38.819Z-info: 
2023-07-02T01:08:16.463Z-info: 
2023-07-02T01:08:47.707Z-info: 
2023-07-02T01:09:28.463Z-info: 
2023-07-02T01:10:09.482Z-info: 
2023-07-02T01:10:54.825Z-info: 
2023-07-02T01:13:25.315Z-info: 
2023-07-02T01:25:16.274Z-info: 
2023-07-02T01:34:25.082Z-info: 
2023-07-02T01:44:25.561Z-info: 
2023-07-02T01:45:28.366Z-info: 
2023-07-02T02:00:19.977Z-info: New doctor created succesfully: {"id_doctor":1,"nombre":"Carlos","apellido":"Caceres","especialidad":"Medicina General","consultorio":"100","correo":"carcec@gmail.com"}
2023-07-02T02:02:31.561Z-info: New doctor created succesfully: {"id_doctor":1,"nombre":"Carlos","apellido":"Caceres","especialidad":"Medicina General","consultorio":"100","correo":"carcec@gmail.com"}
2023-07-02T02:03:11.785Z-info: New doctor created succesfully: {"id_doctor":1,"nombre":"Carlos","apellido":"Caceres","especialidad":"Medicina General","consultorio":"100","correo":"carcec@gmail.com"}
2023-07-02T02:05:14.660Z-info: New doctor created succesfully: {"id_doctor":1,"nombre":"Carlos","apellido":"Caceres","especialidad":"Medicina General","consultorio":"100","correo":"carcec@gmail.com"}
2023-07-02T02:05:54.442Z-info: New doctor created succesfully: {"id_doctor":1,"nombre":"Carlos","apellido":"Caceres","especialidad":"Medicina General","consultorio":"100","correo":"carcec@gmail.com"}
2023-07-02T02:06:23.851Z-info: New doctor created succesfully: {"id_doctor":1,"nombre":"Carlos","apellido":"Caceres","especialidad":"Medicina General","consultorio":"100","correo":"carcec@gmail.com"}
2023-07-02T02:07:50.254Z-info: New doctor created succesfully: {"id_doctor":1,"nombre":"Carlos","apellido":"Caceres","especialidad":"Medicina General","consultorio":"100","correo":"carcec@gmail.com"}
2023-07-02T02:14:13.222Z-info: New doctor created succesfully: {"id_doctor":1,"nombre":"Carlos","apellido":"Caceres","especialidad":"Medicina General","consultorio":"100","correo":"carcec@gmail.com"}
2023-07-02T02:14:34.191Z-info: New doctor created succesfully: {"id_doctor":1,"nombre":"Carlos","apellido":"Caceres","especialidad":"Medicina General","consultorio":"100","correo":"carcec@gmail.com"}
2023-07-02T02:20:29.205Z-info: New doctor created succesfully: {"id_doctor":1,"nombre":"Carlos","apellido":"Caceres","especialidad":"Medicina General","consultorio":"100","correo":"carcec@gmail.com"}
2023-07-02T02:21:45.815Z-info: New doctor created succesfully: {"id_doctor":1,"nombre":"Carlos","apellido":"Caceres","especialidad":"Medicina General","consultorio":"100","correo":"carcec@gmail.com"}
2023-07-02T02:22:28.548Z-info: New doctor created succesfully: {"id_doctor":1,"nombre":"Carlos","apellido":"Caceres","especialidad":"Medicina General","consultorio":"100","correo":"carcec@gmail.com"}
2023-07-02T02:22:54.902Z-info: New doctor created succesfully: {"id_doctor":1,"nombre":"Carlos","apellido":"Caceres","especialidad":"Medicina General","consultorio":"100","correo":"carcec@gmail.com"}
2023-07-02T02:24:44.080Z-info: New doctor created succesfully: {"id_doctor":1,"nombre":"Carlos","apellido":"Caceres","especialidad":"Medicina General","consultorio":"100","correo":"carcec@gmail.com"}
2023-07-02T02:26:10.264Z-info: New doctor created succesfully: {"id_doctor":1,"nombre":"Carlos","apellido":"Caceres","especialidad":"Medicina General","consultorio":"100","correo":"carcec@gmail.com"}
2023-07-02T02:26:26.800Z-info: New doctor created succesfully: {"id_doctor":1,"nombre":"Carlos","apellido":"Caceres","especialidad":"Medicina General","consultorio":"100","correo":"carcec@gmail.com"}
2023-07-02T02:26:58.228Z-info: New doctor created succesfully: {"id_doctor":1,"nombre":"Carlos","apellido":"Caceres","especialidad":"Medicina General","consultorio":"100","correo":"carcec@gmail.com"}
2023-07-02T02:31:30.908Z-info: New doctor created succesfully: {"id_doctor":1,"nombre":"Carlos","apellido":"Caceres","especialidad":"Medicina General","consultorio":"100","correo":"carcec@gmail.com"}
2023-07-02T02:31:51.581Z-info: New doctor created succesfully: {"id_doctor":1,"nombre":"Carlos","apellido":"Caceres","especialidad":"Medicina General","consultorio":"100","correo":"carcec@gmail.com"}
2023-07-02T02:32:20.772Z-info: New doctor created succesfully: {"id_doctor":1,"nombre":"Carlos","apellido":"Caceres","especialidad":"Medicina General","consultorio":"100","correo":"carcec@gmail.com"}
2023-07-02T02:37:07.901Z-info: New doctor created succesfully: {"id_doctor":1,"nombre":"Carlos","apellido":"Caceres","especialidad":"Medicina General","consultorio":"100","correo":"carcec@gmail.com"}
2023-07-02T02:37:33.559Z-info: New doctor created succesfully: {"id_doctor":1,"nombre":"Carlos","apellido":"Caceres","especialidad":"Medicina General","consultorio":"100","correo":"carcec@gmail.com"}
2023-07-02T02:37:50.434Z-info: New doctor created succesfully: {"id_doctor":1,"nombre":"Carlos","apellido":"Caceres","especialidad":"Medicina General","consultorio":"100","correo":"carcec@gmail.com"}
2023-07-02T02:41:58.219Z-info: New doctor created succesfully: {"id_doctor":1,"nombre":"Carlos","apellido":"Caceres","especialidad":"Medicina General","consultorio":"100","correo":"carcec@gmail.com"}
2023-07-02T02:42:23.633Z-info: New doctor created succesfully: {"id_doctor":1,"nombre":"Carlos","apellido":"Caceres","especialidad":"Medicina General","consultorio":"100","correo":"carcec@gmail.com"}
2023-07-02T02:44:24.798Z-info: New doctor created succesfully: {"id_doctor":1,"nombre":"Carlos","apellido":"Caceres","especialidad":"Medicina General","consultorio":"100","correo":"carcec@gmail.com"}
2023-07-02T14:50:09.397Z-info: 
2023-07-02T14:51:18.140Z-info: Doctor updated succesfully: {"id_doctor":"10","nombre":"John Mario","apellido":"Doe","especialidad":"Medicina General","consultorio":"100","correo":"carlos.rodriguez@gmail.com","created_at":"2023-06-28T20:11:38.610Z","updated_at":"2023-06-28T20:11:38.610Z"}
2023-07-02T14:53:08.528Z-error: Failed to update doctor in doctorService: [Error: Record has not found yet]
2023-07-02T14:54:28.989Z-info: Doctor updated succesfully: {"id_doctor":"10","nombre":"John Mario","apellido":"Doe","especialidad":"Medicina General","consultorio":"100","correo":"carlos.rodriguez@gmail.com","created_at":"2023-06-28T20:11:38.610Z","updated_at":"2023-06-28T20:11:38.610Z"}
2023-07-02T15:06:35.227Z-info: 
2023-07-02T15:08:42.110Z-info: 
2023-07-02T15:08:48.227Z-info: Doctor deleted succesfully: {"id_doctor":"11","nombre":"John","apellido":"Doe","especialidad":"Medicina General","consultorio":"100","correo":"carlos.rodriguez@gmail.com","created_at":"2023-06-30T00:38:28.970Z","updated_at":"2023-06-30T00:38:28.970Z"}
2023-07-02T15:09:40.863Z-info: Doctor deleted succesfully: {"id_doctor":"4","nombre":"Carlos","apellido":"Rodriguez","especialidad":"Medicina General","consultorio":"100","correo":"carlos.rodriguez@gmail.com","created_at":"2023-06-28T03:52:05.761Z","updated_at":null}
2023-07-02T15:09:49.487Z-error: Failed to delete doctor in doctorService: [Error: Record has not found yet]
2023-07-02T15:38:43.518Z-info: 
2023-07-02T15:39:39.015Z-info: Doctor updated succesfully: {"id_doctor":"5","nombre":"Carlos Mario","apellido":"Rodriguez","especialidad":"Medicina General","consultorio":"100","correo":"carlos.rodriguez@gmail.com","created_at":"2023-06-28T15:11:19.841Z","updated_at":null}
2023-07-02T15:39:50.663Z-error: Failed to update doctor in doctorService: [Error: Record has not found yet]
2023-07-02T15:40:03.182Z-error: Failed to update doctor in doctorService: [Error: Record has not found yet]
2023-07-02T15:40:09.712Z-info: Doctor updated succesfully: {"id_doctor":"5","nombre":"Carlos Mario","apellido":"Rodriguez","especialidad":"Medicina General","consultorio":"100","correo":"carlos.rodriguez@gmail.com","created_at":"2023-06-28T15:11:19.841Z","updated_at":null}
2023-07-02T15:40:22.359Z-info: Doctor updated succesfully: {"id_doctor":"5","nombre":"Carlos Mario","apellido":"Rodriguez","especialidad":"Medicina General","consultorio":"54","correo":"carlos.rodriguez@gmail.com","created_at":"2023-06-28T15:11:19.841Z","updated_at":null}
2023-07-02T15:40:26.642Z-info: Doctor updated succesfully: {"id_doctor":"5","nombre":"Carlos Mario","apellido":"Rodriguez","especialidad":"Medicina General","consultorio":54,"correo":"carlos.rodriguez@gmail.com","created_at":"2023-06-28T15:11:19.841Z","updated_at":null}
2023-07-02T15:40:28.768Z-info: Doctor updated succesfully: {"id_doctor":"5","nombre":"Carlos Mario","apellido":"Rodriguez","especialidad":"Medicina General","consultorio":54,"correo":"carlos.rodriguez@gmail.com","created_at":"2023-06-28T15:11:19.841Z","updated_at":null}
2023-07-02T15:41:56.960Z-info: Doctor updated succesfully: {"id_doctor":"5","nombre":"Carlos Mario","apellido":"Rodriguez","especialidad":"Medicina General","consultorio":"54m","correo":"carlos.rodriguez@gmail.com","created_at":"2023-06-28T15:11:19.841Z","updated_at":null}
2023-07-02T15:44:08.462Z-info: 
2023-07-02T15:44:21.247Z-error: Error getting doctor in doctorService: [Error: Record has not found yet]
2023-07-02T15:44:45.376Z-info: 
2023-07-02T15:44:47.783Z-error: Error getting doctor in doctorService: [Error: Record has not found yet]
2023-07-02T15:44:49.168Z-error: Error getting doctor in doctorService: [Error: Record has not found yet]
2023-07-02T15:45:34.297Z-info: 
2023-07-02T15:46:18.073Z-error: Error getting doctor in doctorService: [Error: Record has not found yet]
2023-07-02T15:46:51.397Z-info: 
2023-07-02T15:46:53.836Z-error: Error getting doctor in doctorService: [Error: Record has not found yet]
2023-07-02T15:47:40.080Z-info: 
2023-07-02T15:47:42.126Z-error: Error getting doctor in doctorService: [Error: Record has not found yet]
2023-07-02T15:48:40.310Z-info: 
2023-07-02T15:48:43.047Z-error: Error getting doctor in doctorService: [Error: Record has not found yet]
2023-07-02T15:50:01.290Z-info: 
2023-07-02T15:50:03.113Z-error: Error getting doctor in doctorService: [Error: Record has not found yet]
2023-07-02T15:51:38.720Z-info: 
2023-07-02T15:52:35.613Z-info: 
2023-07-02T15:52:38.320Z-error: Error getting doctor in doctorRepository: [error: database "gestion_citas1" does not exist]
2023-07-02T15:52:38.321Z-error: Error getting doctor in doctorService: [Error: Error getting doctor]
2023-07-02T16:11:29.772Z-info: 
2023-07-02T16:11:37.302Z-info: 
2023-07-02T16:11:43.587Z-error: Error getting doctor in doctorRepository: [error: database "gestion_citas1" does not exist]
2023-07-02T16:11:43.587Z-error: Error getting doctor in doctorService: [Error: Error getting doctor]
2023-07-02T16:12:16.719Z-info: 
2023-07-02T16:14:03.589Z-error: Error getting doctor in doctorService: [Error: Failed to get doctor by id]
2023-07-02T16:18:03.626Z-error: Error getting doctor in doctorService: [Error: Failed to get doctor by id]
2023-07-02T16:19:13.787Z-error: Error getting doctor in doctorService: [Error: Failed to get doctor by id]
2023-07-02T16:19:13.849Z-info: New doctor created succesfully: {"id_doctor":1,"nombre":"Carlos","apellido":"Caceres","especialidad":"Medicina General","consultorio":"100","correo":"carcec@gmail.com"}
2023-07-02T16:20:36.374Z-error: Error getting doctor in doctorService: [Error: Failed to get doctor by id]
2023-07-02T16:20:36.786Z-info: New doctor created succesfully: {"id_doctor":1,"nombre":"Carlos","apellido":"Caceres","especialidad":"Medicina General","consultorio":"100","correo":"carcec@gmail.com"}
2023-07-02T16:24:39.488Z-info: New doctor created succesfully: {"id_doctor":1,"nombre":"Carlos","apellido":"Caceres","especialidad":"Medicina General","consultorio":"100","correo":"carcec@gmail.com"}
2023-07-02T16:24:39.858Z-error: Error getting doctor in doctorService: [Error: Record has not found yet]
2023-07-02T16:25:04.050Z-info: New doctor created succesfully: {"id_doctor":1,"nombre":"Carlos","apellido":"Caceres","especialidad":"Medicina General","consultorio":"100","correo":"carcec@gmail.com"}
2023-07-02T16:25:04.344Z-error: Error getting doctor in doctorService: [Error: Record has not found yet]
2023-07-02T16:25:04.359Z-error: Error getting doctor in doctorService: [Error: Failed to get doctor by id]
2023-07-02T16:25:38.876Z-info: New doctor created succesfully: {"id_doctor":1,"nombre":"Carlos","apellido":"Caceres","especialidad":"Medicina General","consultorio":"100","correo":"carcec@gmail.com"}
2023-07-02T16:25:39.227Z-error: Error getting doctor in doctorService: [Error: Error gettin doctor]
2023-07-02T16:25:39.235Z-error: Error getting doctor in doctorService: [Error: Failed to get doctor by id]
2023-07-02T16:26:00.692Z-info: New doctor created succesfully: {"id_doctor":1,"nombre":"Carlos","apellido":"Caceres","especialidad":"Medicina General","consultorio":"100","correo":"carcec@gmail.com"}
2023-07-02T16:26:01.090Z-error: Error getting doctor in doctorService: [Error: Error gettin doctor]
2023-07-02T16:26:01.142Z-error: Error getting doctor in doctorService: [Error: Failed to get doctor by id]
2023-07-02T16:26:23.526Z-info: New doctor created succesfully: {"id_doctor":1,"nombre":"Carlos","apellido":"Caceres","especialidad":"Medicina General","consultorio":"100","correo":"carcec@gmail.com"}
2023-07-02T16:26:23.760Z-error: Error getting doctor in doctorService: [Error: Error getting doctor]
2023-07-02T16:26:23.767Z-error: Error getting doctor in doctorService: [Error: Failed to get doctor by id]
2023-07-02T16:27:18.073Z-info: 
2023-07-02T16:28:29.920Z-info: 
2023-07-02T16:29:07.278Z-info: Doctor updated succesfully: {"id_doctor":"20","nombre":"John","apellido":"Doe","especialidad":"Medicina General","consultorio":"54","correo":"carlos.rodriguez@gmail.com","created_at":"2023-07-01T23:48:13.349Z","updated_at":"2023-07-01T23:48:13.349Z"}
2023-07-02T16:29:14.221Z-error: Failed to update doctor in doctorService: [Error: Record has not found yet]
2023-07-02T16:29:29.271Z-error: Failed to update doctor in doctorService: [Error: Record has not found yet]
2023-07-02T16:30:32.024Z-info: 
2023-07-02T16:31:00.552Z-info: Doctor deleted succesfully: {"id_doctor":"20","nombre":"John","apellido":"Doe","especialidad":"Medicina General","consultorio":"54","correo":"carlos.rodriguez@gmail.com","created_at":"2023-07-01T23:48:13.349Z","updated_at":"2023-07-01T23:48:13.349Z"}
2023-07-02T16:31:05.742Z-error: Failed to delete doctor in doctorService: [Error: Record has not found yet]
2023-07-02T16:31:24.267Z-info: 
2023-07-02T16:31:30.849Z-error: Error getting doctor in doctorRepository: [error: database "gestion_citas1" does not exist]
2023-07-02T16:31:30.850Z-error: Failed to delete doctor in doctorService: [Error: Error getting doctor]
2023-07-02T16:43:16.016Z-info: 
2023-07-02T16:44:31.097Z-error: Error creating a new patient in patientRepository: [error: database "gestion_citas1" does not exist]
2023-07-02T16:44:51.064Z-info: 
2023-07-02T16:45:09.167Z-info: New patient created succesfully: [{"id_paciente":"1","nombre":"Armando","apellido":"Casas","identificacion":"123","telefono":null,"created_at":"2023-07-02T16:45:09.079Z","updated_at":"2023-07-02T16:45:09.079Z"}]
2023-07-02T16:45:36.012Z-info: 
2023-07-02T16:45:40.523Z-info: New patient created succesfully: [{"id_paciente":"2","nombre":"Armando","apellido":"Casas","identificacion":"123","telefono":"(+57) 1234","created_at":"2023-07-02T16:45:40.437Z","updated_at":"2023-07-02T16:45:40.437Z"}]
2023-07-02T16:46:02.404Z-info: New patient created succesfully: [{"id_paciente":"3","nombre":"Armando","apellido":"Casas","identificacion":null,"telefono":"(+57) 1234","created_at":"2023-07-02T16:46:02.349Z","updated_at":"2023-07-02T16:46:02.349Z"}]
2023-07-02T16:46:13.063Z-info: New patient created succesfully: [{"id_paciente":"4","nombre":null,"apellido":"Casas","identificacion":"123","telefono":"(+57) 1234","created_at":"2023-07-02T16:46:13.009Z","updated_at":"2023-07-02T16:46:13.009Z"}]
2023-07-02T16:46:16.570Z-info: New patient created succesfully: [{"id_paciente":"5","nombre":"Armando","apellido":"Casas","identificacion":"123","telefono":"(+57) 1234","created_at":"2023-07-02T16:46:16.525Z","updated_at":"2023-07-02T16:46:16.525Z"}]
2023-07-02T16:47:37.497Z-info: 
2023-07-02T16:48:36.884Z-info: 
2023-07-02T16:49:23.007Z-info: Patient updated succesfully: {"id_paciente":"4","nombre":"Armando","apellido":"Casas","identificacion":"456","telefono":"(+57) 4567","created_at":"2023-07-02T16:46:13.009Z","updated_at":"2023-07-02T16:46:13.009Z"}
2023-07-02T16:49:31.356Z-info: Patient deleted succesfully: {"id_paciente":"5","nombre":"Armando","apellido":"Casas","identificacion":"123","telefono":"(+57) 1234","created_at":"2023-07-02T16:46:16.525Z","updated_at":"2023-07-02T16:46:16.525Z"}
2023-07-02T16:49:39.981Z-error: Failed to delete patient in PatientService: [Error: Record has not found yet]
2023-07-02T17:02:45.039Z-info: 
2023-07-02T17:07:01.562Z-info: 
2023-07-02T17:07:05.931Z-error: Error getting patient in PatientService: [Error: Must be a number]
2023-07-02T17:09:46.624Z-info: 
2023-07-02T17:10:31.938Z-info: 
2023-07-02T17:11:05.453Z-info: 
2023-07-02T17:12:14.439Z-info: 
2023-07-02T17:12:40.058Z-info: 
2023-07-02T17:12:50.343Z-info: 
2023-07-02T17:15:04.393Z-info: 
2023-07-02T17:15:28.379Z-info: Patient updated succesfully: {"id_paciente":"4","nombre":"Armando","apellido":"Casas","identificacion":"4567","telefono":"(+57) 45678","created_at":"2023-07-02T16:46:13.009Z","updated_at":"2023-07-02T16:46:13.009Z"}
2023-07-02T17:15:43.495Z-info: Patient updated succesfully: {"id_paciente":"4","nombre":"Armando","apellido":"Casas","identificacion":"4567","telefono":"(+57) 45678","created_at":"2023-07-02T16:46:13.009Z","updated_at":"2023-07-02T16:46:13.009Z"}
2023-07-02T17:15:47.136Z-info: Patient deleted succesfully: {"id_paciente":"4","nombre":"Armando","apellido":"Casas","identificacion":"4567","telefono":"(+57) 45678","created_at":"2023-07-02T16:46:13.009Z","updated_at":"2023-07-02T16:46:13.009Z"}
2023-07-02T17:15:59.786Z-info: New patient created succesfully: [{"id_paciente":"6","nombre":"Armando","apellido":"Casas","identificacion":"4567","telefono":"(+57) 45678","created_at":"2023-07-02T17:15:59.721Z","updated_at":"2023-07-02T17:15:59.721Z"}]
2023-07-02T17:19:55.104Z-info: 
2023-07-02T21:29:03.676Z-info: 
2023-07-02T21:30:30.170Z-info: 
2023-07-02T21:31:54.195Z-info: 
2023-07-02T21:32:40.580Z-info: 
2023-07-02T21:35:02.040Z-info: 
2023-07-02T21:35:46.507Z-info: 
2023-07-02T21:37:04.661Z-info: 
2023-07-02T21:38:03.378Z-info: 
2023-07-02T21:39:22.198Z-info: 
2023-07-02T21:40:08.035Z-info: 
2023-07-02T21:41:38.813Z-info: 
2023-07-02T21:42:01.080Z-info: 
2023-07-02T21:42:47.140Z-info: 
2023-07-02T21:43:44.471Z-info: 
2023-07-02T21:45:08.530Z-info: 
2023-07-02T21:45:31.746Z-info: 
2023-07-02T21:46:26.731Z-info: 
2023-07-02T21:46:44.948Z-info: 
2023-07-02T21:47:01.781Z-info: 
2023-07-02T22:11:36.520Z-info: 
2023-07-02T22:11:57.475Z-error: Error creating appointment in AppointmentService: [Error: Record has not found yet]
2023-07-02T22:14:49.232Z-info: New appointment created succesfully: {"identificacionPaciente":"4567","doctor":"Carlos Rodriguez","especialidad":"Medicina General","horario":"Lunes 25 8:00pm","consultorio":"100"}
2023-07-02T22:15:14.325Z-info: New appointment created succesfully: {"identificacionPaciente":"4567","doctor":"Carlos Mario Rodriguez","especialidad":"Medicina General","horario":"Lunes 25 8:00pm","consultorio":"54m"}
2023-07-02T22:16:01.864Z-error: Error creating appointment in AppointmentService: [Error: Record has not found yet]
2023-07-02T22:16:15.921Z-error: Error creating appointment in AppointmentService: [Error: ID must be a number]
2023-07-02T22:16:20.050Z-info: New appointment created succesfully: {"identificacionPaciente":"4567","doctor":"Carlos Mario Rodriguez","especialidad":"Medicina General","consultorio":"54m"}
2023-07-02T22:16:42.415Z-info: 
2023-07-02T22:16:48.281Z-info: New appointment created succesfully: {"identificacionPaciente":"4567","doctor":"Carlos Mario Rodriguez","especialidad":"Medicina General","horario":"Lunes 25 8:00pm","consultorio":"54m"}
2023-07-02T22:16:52.519Z-info: New appointment created succesfully: {"identificacionPaciente":"4567","doctor":"Carlos Mario Rodriguez","especialidad":"Medicina General","consultorio":"54m"}
2023-07-02T22:17:17.920Z-info: New appointment created succesfully: {"identificacionPaciente":"4567","doctor":"Carlos Mario Rodriguez","especialidad":"Medicina General","consultorio":"54m"}
2023-07-02T22:17:19.050Z-info: New appointment created succesfully: {"identificacionPaciente":"4567","doctor":"Carlos Mario Rodriguez","especialidad":"Medicina General","consultorio":"54m"}
2023-07-02T22:17:20.009Z-info: New appointment created succesfully: {"identificacionPaciente":"4567","doctor":"Carlos Mario Rodriguez","especialidad":"Medicina General","consultorio":"54m"}
2023-07-02T22:17:20.910Z-info: New appointment created succesfully: {"identificacionPaciente":"4567","doctor":"Carlos Mario Rodriguez","especialidad":"Medicina General","consultorio":"54m"}
2023-07-02T22:18:29.415Z-info: 
2023-07-02T22:19:02.058Z-info: New appointment created succesfully: {"identificacionPaciente":"4567","doctor":"Carlos Mario Rodriguez","especialidad":"Medicina General","horario":"Lunes 25 8:00pm","consultorio":"54m"}
2023-07-02T22:19:06.406Z-error: Error creating appointment in AppointmentService: [Error: Record has not found yet]
2023-07-02T22:19:41.210Z-error: Error creating appointment in AppointmentService: [Error: Record has not found yet]
2023-07-02T22:22:43.001Z-info: 
2023-07-02T22:22:45.137Z-error: Error creating appointment in AppointmentService: [Error: Doctor Carlos Mario has not that especialidad]
2023-07-02T22:22:59.877Z-error: Error creating appointment in AppointmentService: [Error: Doctor Carlos Mario has not that especialidad]
2023-07-02T22:23:07.718Z-info: New appointment created succesfully: {"identificacionPaciente":"4567","doctor":"Carlos Mario Rodriguez","especialidad":"Medicina General","horario":"Lunes 25 8:00pm","consultorio":"54m"}
2023-07-02T22:23:14.994Z-error: Error creating appointment in AppointmentService: [Error: Doctor Carlos Mario has not that especialidad]
2023-07-02T22:24:46.283Z-info: 
2023-07-02T22:26:02.919Z-info: 
2023-07-02T22:26:12.597Z-info: New appointment created succesfully: {"identificacionPaciente":"4567","doctor":"Carlos Mario Rodriguez","especialidad":"Medicina General","horario":"Lunes 25 8:00pm","consultorio":"54m"}
2023-07-02T22:43:00.706Z-info: 
2023-07-03T03:22:22.823Z-info: 
2023-07-03T03:25:58.855Z-info: 
2023-07-03T03:27:01.003Z-info: 
